+0.0ns POS: x=150, y=93.986, z=0; VEL:0, y=50.4038, z=0
+0.0ns POS: x=195.418, y=150, z=0; VEL:50.1186, y=0, z=0
+104727357.0ns POS: x=200.667, y=150, z=0; VEL:0, y=0, z=0
+104727357.0ns POS: x=200.667, y=150, z=0; VEL:50.1239, y=0, z=0
+204480076.0ns POS: x=205.667, y=150, z=0; VEL:0, y=0, z=0
+204480076.0ns POS: x=205.667, y=150, z=0; VEL:50.0742, y=0, z=0
+291007088.0ns POS: x=210, y=150, z=0; VEL:0, y=0, z=0
+291007088.0ns POS: x=210, y=150, z=0; VEL:0, y=50.0742, z=0
+304331866.0ns POS: x=210, y=150.667, z=0; VEL:0, y=0, z=0
+304331866.0ns POS: x=210, y=150.667, z=0; VEL:0, y=50, z=0
+317714814.0ns POS: x=150, y=110, z=0; VEL:0, y=0, z=0
+317714814.0ns POS: x=150, y=110, z=0; VEL:50.4038, y=0, z=0
+509879027.0ns POS: x=159.686, y=110, z=0; VEL:0, y=0, z=0
+509879027.0ns POS: x=159.686, y=110, z=0; VEL:50.1291, y=0, z=0
+604331866.0ns POS: x=210, y=165.667, z=0; VEL:0, y=0, z=0
+604331866.0ns POS: x=210, y=165.667, z=0; VEL:0, y=50, z=0
+609621400.0ns POS: x=164.686, y=110, z=0; VEL:0, y=0, z=0
+609621400.0ns POS: x=164.686, y=110, z=0; VEL:50.3922, y=0, z=0
+690987310.0ns POS: x=210, y=170, z=0; VEL:0, y=0, z=0
+690987310.0ns POS: x=210, y=170, z=0; VEL:-50, y=0, z=0
+715078211.0ns POS: x=170, y=110, z=0; VEL:0, y=0, z=0
+715078211.0ns POS: x=170, y=110, z=0; VEL:0, y=-50.3922, z=0
+1090987310.0ns POS: x=190, y=170, z=0; VEL:0, y=0, z=0
+1090987310.0ns POS: x=190, y=170, z=0; VEL:0, y=-50, z=0
+1104331866.0ns POS: x=190, y=169.333, z=0; VEL:0, y=0, z=0
+1104331866.0ns POS: x=190, y=169.333, z=0; VEL:0, y=-50.2111, z=0
+1105730371.0ns POS: x=170, y=90.3142, z=0; VEL:0, y=0, z=0
+1105730371.0ns POS: x=170, y=90.3142, z=0; VEL:0, y=-50, z=0
+1112014290.0ns POS: x=170, y=90, z=0; VEL:0, y=0, z=0
+1112014290.0ns POS: x=170, y=90, z=0; VEL:50, y=0, z=0
+1405730371.0ns POS: x=184.686, y=90, z=0; VEL:0, y=0, z=0
+1405730371.0ns POS: x=184.686, y=90, z=0; VEL:50, y=0, z=0
+1489361883.0ns POS: x=190, y=150, z=0; VEL:0, y=0, z=0
+1489361883.0ns POS: x=190, y=150, z=0; VEL:50.2111, y=0, z=0
+1705730371.0ns POS: x=199.686, y=90, z=0; VEL:0, y=0, z=0
+1705730371.0ns POS: x=199.686, y=90, z=0; VEL:50, y=0, z=0
+1887680358.0ns POS: x=210, y=150, z=0; VEL:0, y=0, z=0
+1887680358.0ns POS: x=210, y=150, z=0; VEL:0, y=50.2111, z=0
+1912014290.0ns POS: x=210, y=90, z=0; VEL:0, y=0, z=0
+1912014290.0ns POS: x=210, y=90, z=0; VEL:0, y=-50, z=0
+2285998833.0ns POS: x=210, y=170, z=0; VEL:0, y=0, z=0
+2285998833.0ns POS: x=210, y=170, z=0; VEL:-50.2111, y=0, z=0
+2905730371.0ns POS: x=210, y=40.3142, z=0; VEL:0, y=0, z=0
+2905730371.0ns POS: x=210, y=40.3142, z=0; VEL:0, y=-50, z=0
+3082635783.0ns POS: x=170, y=170, z=0; VEL:0, y=0, z=0
+3082635783.0ns POS: x=170, y=170, z=0; VEL:0, y=-50.2111, z=0
+3095924240.0ns POS: x=170, y=169.333, z=0; VEL:0, y=0, z=0
+3095924240.0ns POS: x=170, y=169.333, z=0; VEL:0, y=-50, z=0
+3295924240.0ns POS: x=170, y=159.333, z=0; VEL:0, y=0, z=0
+3295924240.0ns POS: x=170, y=159.333, z=0; VEL:0, y=-50.1946, z=0
+3305730371.0ns POS: x=210, y=20.3142, z=0; VEL:0, y=0, z=0
+3305730371.0ns POS: x=210, y=20.3142, z=0; VEL:0, y=-50.1332, z=0
+3511466340.0ns POS: x=210, y=10, z=0; VEL:0, y=0, z=0
+3511466340.0ns POS: x=210, y=10, z=0; VEL:-50.1332, y=0, z=0
+3594760903.0ns POS: x=170, y=144.333, z=0; VEL:0, y=0, z=0
+3594760903.0ns POS: x=170, y=144.333, z=0; VEL:0, y=-50.2539, z=0
+3793750528.0ns POS: x=170, y=134.333, z=0; VEL:0, y=0, z=0
+3793750528.0ns POS: x=170, y=134.333, z=0; VEL:0, y=-50.1079, z=0
+3880219294.0ns POS: x=170, y=130, z=0; VEL:0, y=0, z=0
+3880219294.0ns POS: x=170, y=130, z=0; VEL:50.1079, y=0, z=0
+3910403823.0ns POS: x=190, y=10, z=0; VEL:0, y=0, z=0
+3910403823.0ns POS: x=190, y=10, z=0; VEL:0, y=50.1332, z=0
+4093104246.0ns POS: x=180.667, y=130, z=0; VEL:0, y=0, z=0
+4093104246.0ns POS: x=180.667, y=130, z=0; VEL:50.1047, y=0, z=0
+4203339709.0ns POS: x=190, y=24.6858, z=0; VEL:0, y=0, z=0
+4203339709.0ns POS: x=190, y=24.6858, z=0; VEL:0, y=50, z=0
+4279369514.0ns POS: x=190, y=130, z=0; VEL:0, y=0, z=0
+4279369514.0ns POS: x=190, y=130, z=0; VEL:0, y=-50.1047, z=0
+4292686175.0ns POS: x=190, y=129.333, z=0; VEL:0, y=0, z=0
+4292686175.0ns POS: x=190, y=129.333, z=0; VEL:0, y=-50.3262, z=0
+4303339709.0ns POS: x=190, y=29.6858, z=0; VEL:0, y=0, z=0
+4303339709.0ns POS: x=190, y=29.6858, z=0; VEL:0, y=50, z=0
+4491389866.0ns POS: x=190, y=119.333, z=0; VEL:0, y=0, z=0
+4491389866.0ns POS: x=190, y=119.333, z=0; VEL:0, y=-50, z=0
+4503339709.0ns POS: x=190, y=39.6858, z=0; VEL:0, y=0, z=0
+4503339709.0ns POS: x=190, y=39.6858, z=0; VEL:0, y=50, z=0
+4603339709.0ns POS: x=190, y=44.6858, z=0; VEL:0, y=0, z=0
+4603339709.0ns POS: x=190, y=44.6858, z=0; VEL:0, y=50, z=0
+4678045311.0ns POS: x=190, y=110, z=0; VEL:0, y=0, z=0
+4678045311.0ns POS: x=190, y=110, z=0; VEL:50, y=0, z=0
+4709623628.0ns POS: x=190, y=50, z=0; VEL:0, y=0, z=0
+4709623628.0ns POS: x=190, y=50, z=0; VEL:50, y=0, z=0
+5078045311.0ns POS: x=210, y=110, z=0; VEL:0, y=0, z=0
+5078045311.0ns POS: x=210, y=110, z=0; VEL:0, y=50, z=0
+5109623628.0ns POS: x=210, y=50, z=0; VEL:0, y=0, z=0
+5109623628.0ns POS: x=210, y=50, z=0; VEL:0, y=-50, z=0
+5509623628.0ns POS: x=210, y=30, z=0; VEL:0, y=0, z=0
+5509623628.0ns POS: x=210, y=30, z=0; VEL:-50, y=0, z=0
+5791389866.0ns POS: x=210, y=145.667, z=0; VEL:0, y=0, z=0
+5791389866.0ns POS: x=210, y=145.667, z=0; VEL:0, y=50.0101, z=0
+5803339709.0ns POS: x=195.314, y=30, z=0; VEL:0, y=0, z=0
+5803339709.0ns POS: x=195.314, y=30, z=0; VEL:-50, y=0, z=0
+5909623628.0ns POS: x=190, y=30, z=0; VEL:0, y=0, z=0
+5909623628.0ns POS: x=190, y=30, z=0; VEL:0, y=-50, z=0
+5991349486.0ns POS: x=210, y=155.667, z=0; VEL:0, y=0, z=0
+5991349486.0ns POS: x=210, y=155.667, z=0; VEL:0, y=50, z=0
+6191349486.0ns POS: x=210, y=165.667, z=0; VEL:0, y=0, z=0
+6191349486.0ns POS: x=210, y=165.667, z=0; VEL:0, y=50, z=0
+6278004930.0ns POS: x=210, y=170, z=0; VEL:0, y=0, z=0
+6278004930.0ns POS: x=210, y=170, z=0; VEL:-50, y=0, z=0
+6309623628.0ns POS: x=190, y=10, z=0; VEL:0, y=0, z=0
+6309623628.0ns POS: x=190, y=10, z=0; VEL:50, y=0, z=0
+6391349486.0ns POS: x=204.333, y=170, z=0; VEL:0, y=0, z=0
+6391349486.0ns POS: x=204.333, y=170, z=0; VEL:-50.2758, y=0, z=0
+6590252518.0ns POS: x=194.333, y=170, z=0; VEL:0, y=0, z=0
+6590252518.0ns POS: x=194.333, y=170, z=0; VEL:-50, y=0, z=0
+6703339709.0ns POS: x=209.686, y=10, z=0; VEL:0, y=0, z=0
+6703339709.0ns POS: x=209.686, y=10, z=0; VEL:50.2895, y=0, z=0
+6709587451.0ns POS: x=210, y=10, z=0; VEL:0, y=0, z=0
+6709587451.0ns POS: x=210, y=10, z=0; VEL:0, y=50.2895, z=0
+6802764004.0ns POS: x=210, y=14.6858, z=0; VEL:0, y=0, z=0
+6802764004.0ns POS: x=210, y=14.6858, z=0; VEL:0, y=50, z=0
+6890252518.0ns POS: x=179.333, y=170, z=0; VEL:0, y=0, z=0
+6890252518.0ns POS: x=179.333, y=170, z=0; VEL:-50.0796, y=0, z=0
+7076611377.0ns POS: x=170, y=170, z=0; VEL:0, y=0, z=0
+7076611377.0ns POS: x=170, y=170, z=0; VEL:0, y=50.0796, z=0
+7389458044.0ns POS: x=170, y=185.667, z=0; VEL:0, y=0, z=0
+7389458044.0ns POS: x=170, y=185.667, z=0; VEL:0, y=50.0874, z=0
+7475962253.0ns POS: x=170, y=190, z=0; VEL:0, y=0, z=0
+7475962253.0ns POS: x=170, y=190, z=0; VEL:50.0874, y=0, z=0
+7502764004.0ns POS: x=210, y=49.6858, z=0; VEL:0, y=0, z=0
+7502764004.0ns POS: x=210, y=49.6858, z=0; VEL:0, y=50, z=0
+7509047923.0ns POS: x=210, y=50, z=0; VEL:0, y=0, z=0
+7509047923.0ns POS: x=210, y=50, z=0; VEL:-50, y=0, z=0
+7688934467.0ns POS: x=180.667, y=190, z=0; VEL:0, y=0, z=0
+7688934467.0ns POS: x=180.667, y=190, z=0; VEL:50, y=0, z=0
+7875589912.0ns POS: x=190, y=190, z=0; VEL:0, y=0, z=0
+7875589912.0ns POS: x=190, y=190, z=0; VEL:0, y=50, z=0
+7888934467.0ns POS: x=190, y=190.667, z=0; VEL:0, y=0, z=0
+7888934467.0ns POS: x=190, y=190.667, z=0; VEL:0, y=50, z=0
+7909047922.0ns POS: x=190, y=50, z=0; VEL:0, y=0, z=0
+7909047922.0ns POS: x=190, y=50, z=0; VEL:0, y=50, z=0
+8275589912.0ns POS: x=190, y=210, z=0; VEL:0, y=0, z=0
+8275589912.0ns POS: x=190, y=210, z=0; VEL:50, y=0, z=0
+8302764004.0ns POS: x=190, y=69.6858, z=0; VEL:0, y=0, z=0
+8302764004.0ns POS: x=190, y=69.6858, z=0; VEL:0, y=50.3745, z=0
+8388934467.0ns POS: x=195.667, y=210, z=0; VEL:0, y=0, z=0
+8388934467.0ns POS: x=195.667, y=210, z=0; VEL:50, y=0, z=0
+8675589912.0ns POS: x=210, y=210, z=0; VEL:0, y=0, z=0
+8675589912.0ns POS: x=210, y=210, z=0; VEL:0, y=-50, z=0
+8788934467.0ns POS: x=210, y=204.333, z=0; VEL:0, y=0, z=0
+8788934467.0ns POS: x=210, y=204.333, z=0; VEL:0, y=-50, z=0
+8988934467.0ns POS: x=210, y=194.333, z=0; VEL:0, y=0, z=0
+8988934467.0ns POS: x=210, y=194.333, z=0; VEL:0, y=-50.0389, z=0
+9188778969.0ns POS: x=210, y=184.333, z=0; VEL:0, y=0, z=0
+9188778969.0ns POS: x=210, y=184.333, z=0; VEL:0, y=-50, z=0
+9588778969.0ns POS: x=210, y=164.333, z=0; VEL:0, y=0, z=0
+9588778969.0ns POS: x=210, y=164.333, z=0; VEL:0, y=-50.1734, z=0
+9593098975.0ns POS: x=190, y=134.686, z=0; VEL:0, y=0, z=0
+9593098975.0ns POS: x=190, y=134.686, z=0; VEL:0, y=50.0754, z=0
+9874443750.0ns POS: x=210, y=150, z=0; VEL:0, y=0, z=0
+9874443750.0ns POS: x=210, y=150, z=0; VEL:-50.1734, y=0, z=0
+9892647448.0ns POS: x=190, y=149.686, z=0; VEL:0, y=0, z=0
+9892647448.0ns POS: x=190, y=149.686, z=0; VEL:0, y=50.0415, z=0
+9898926150.0ns POS: x=190, y=150, z=0; VEL:0, y=0, z=0
+9898926150.0ns POS: x=190, y=150, z=0; VEL:50.0415, y=0, z=0
+9992564436.0ns POS: x=194.686, y=150, z=0; VEL:0, y=0, z=0
+9992564436.0ns POS: x=194.686, y=150, z=0; VEL:50.062, y=0, z=0
+10298468895.0ns POS: x=210, y=150, z=0; VEL:0, y=0, z=0
+10298468895.0ns POS: x=210, y=150, z=0; VEL:0, y=-50.062, z=0
+10491944978.0ns POS: x=210, y=140.314, z=0; VEL:0, y=0, z=0
+10491944978.0ns POS: x=210, y=140.314, z=0; VEL:0, y=-50, z=0
+10691944978.0ns POS: x=210, y=130.314, z=0; VEL:0, y=0, z=0
+10691944978.0ns POS: x=210, y=130.314, z=0; VEL:0, y=-50, z=0
+10698228897.0ns POS: x=210, y=130, z=0; VEL:0, y=0, z=0
+10698228897.0ns POS: x=210, y=130, z=0; VEL:-50, y=0, z=0
+11070296623.0ns POS: x=150, y=150, z=0; VEL:0, y=0, z=0
+11070296623.0ns POS: x=150, y=150, z=0; VEL:0, y=-50.1734, z=0
+11083595061.0ns POS: x=150, y=149.333, z=0; VEL:0, y=0, z=0
+11083595061.0ns POS: x=150, y=149.333, z=0; VEL:0, y=-50.2473, z=0
+11098228897.0ns POS: x=190, y=130, z=0; VEL:0, y=0, z=0
+11098228897.0ns POS: x=190, y=130, z=0; VEL:0, y=-50, z=0
+11183102827.0ns POS: x=150, y=144.333, z=0; VEL:0, y=0, z=0
+11183102827.0ns POS: x=150, y=144.333, z=0; VEL:0, y=-50.011, z=0
+11498228897.0ns POS: x=190, y=110, z=0; VEL:0, y=0, z=0
+11498228897.0ns POS: x=190, y=110, z=0; VEL:50, y=0, z=0
+11691944978.0ns POS: x=199.686, y=110, z=0; VEL:0, y=0, z=0
+11691944978.0ns POS: x=199.686, y=110, z=0; VEL:50.0078, y=0, z=0
+11898196717.0ns POS: x=210, y=110, z=0; VEL:0, y=0, z=0
+11898196717.0ns POS: x=210, y=110, z=0; VEL:0, y=50.0078, z=0
+12182882880.0ns POS: x=150, y=94.3328, z=0; VEL:0, y=0, z=0
+12182882880.0ns POS: x=150, y=94.3328, z=0; VEL:0, y=-50.1493, z=0
+12269280275.0ns POS: x=150, y=90, z=0; VEL:0, y=0, z=0
+12269280275.0ns POS: x=150, y=90, z=0; VEL:50.1493, y=0, z=0
+12298134319.0ns POS: x=210, y=130, z=0; VEL:0, y=0, z=0
+12298134319.0ns POS: x=210, y=130, z=0; VEL:-50.0078, y=0, z=0
+12382287303.0ns POS: x=155.667, y=90, z=0; VEL:0, y=0, z=0
+12382287303.0ns POS: x=155.667, y=90, z=0; VEL:50, y=0, z=0
+12591804581.0ns POS: x=195.314, y=130, z=0; VEL:0, y=0, z=0
+12591804581.0ns POS: x=195.314, y=130, z=0; VEL:-50.0236, y=0, z=0
+12668942748.0ns POS: x=170, y=90, z=0; VEL:0, y=0, z=0
+12668942748.0ns POS: x=170, y=90, z=0; VEL:0, y=-50, z=0
+12991615720.0ns POS: x=175.314, y=130, z=0; VEL:0, y=0, z=0
+12991615720.0ns POS: x=175.314, y=130, z=0; VEL:-50, y=0, z=0
+13497899639.0ns POS: x=150, y=130, z=0; VEL:0, y=0, z=0
+13497899639.0ns POS: x=150, y=130, z=0; VEL:0, y=-50, z=0
+13682287303.0ns POS: x=170, y=39.3328, z=0; VEL:0, y=0, z=0
+13682287303.0ns POS: x=170, y=39.3328, z=0; VEL:0, y=-50, z=0
+13882287303.0ns POS: x=170, y=29.3328, z=0; VEL:0, y=0, z=0
+13882287303.0ns POS: x=170, y=29.3328, z=0; VEL:0, y=-50.2486, z=0
+13897899639.0ns POS: x=150, y=110, z=0; VEL:0, y=0, z=0
+13897899639.0ns POS: x=150, y=110, z=0; VEL:50, y=0, z=0
+14180803102.0ns POS: x=170, y=14.3328, z=0; VEL:0, y=0, z=0
+14180803102.0ns POS: x=170, y=14.3328, z=0; VEL:0, y=-50, z=0
+14267458546.0ns POS: x=170, y=10, z=0; VEL:0, y=0, z=0
+14267458546.0ns POS: x=170, y=10, z=0; VEL:50, y=0, z=0
+14297899639.0ns POS: x=170, y=110, z=0; VEL:0, y=0, z=0
+14297899639.0ns POS: x=170, y=110, z=0; VEL:0, y=50, z=0
+14667458546.0ns POS: x=190, y=10, z=0; VEL:0, y=0, z=0
+14667458546.0ns POS: x=190, y=10, z=0; VEL:0, y=50, z=0
+14697899639.0ns POS: x=170, y=130, z=0; VEL:0, y=0, z=0
+14697899639.0ns POS: x=170, y=130, z=0; VEL:50, y=0, z=0
+14880803102.0ns POS: x=190, y=20.6672, z=0; VEL:0, y=0, z=0
+14880803102.0ns POS: x=190, y=20.6672, z=0; VEL:0, y=50.297, z=0
+14991615720.0ns POS: x=184.686, y=130, z=0; VEL:0, y=0, z=0
+14991615720.0ns POS: x=184.686, y=130, z=0; VEL:50, y=0, z=0
+15066356342.0ns POS: x=190, y=30, z=0; VEL:0, y=0, z=0
+15066356342.0ns POS: x=190, y=30, z=0; VEL:50.297, y=0, z=0
+15191615720.0ns POS: x=194.686, y=130, z=0; VEL:0, y=0, z=0
+15191615720.0ns POS: x=194.686, y=130, z=0; VEL:50, y=0, z=0
+15463994333.0ns POS: x=210, y=30, z=0; VEL:0, y=0, z=0
+15463994333.0ns POS: x=210, y=30, z=0; VEL:0, y=50.297, z=0
+15497899639.0ns POS: x=210, y=130, z=0; VEL:0, y=0, z=0
+15497899639.0ns POS: x=210, y=130, z=0; VEL:0, y=50, z=0
+15861632324.0ns POS: x=210, y=50, z=0; VEL:0, y=0, z=0
+15861632324.0ns POS: x=210, y=50, z=0; VEL:-50.297, y=0, z=0
+15897899639.0ns POS: x=210, y=150, z=0; VEL:0, y=0, z=0
+15897899639.0ns POS: x=210, y=150, z=0; VEL:-50, y=0, z=0
+16091615720.0ns POS: x=200.314, y=150, z=0; VEL:0, y=0, z=0
+16091615720.0ns POS: x=200.314, y=150, z=0; VEL:-50.0516, y=0, z=0
+16191512544.0ns POS: x=195.314, y=150, z=0; VEL:0, y=0, z=0
+16191512544.0ns POS: x=195.314, y=150, z=0; VEL:-50, y=0, z=0
+16259270315.0ns POS: x=190, y=50, z=0; VEL:0, y=0, z=0
+16259270315.0ns POS: x=190, y=50, z=0; VEL:0, y=50.297, z=0
+16297796463.0ns POS: x=190, y=150, z=0; VEL:0, y=0, z=0
+16297796463.0ns POS: x=190, y=150, z=0; VEL:0, y=-50, z=0
+17054546297.0ns POS: x=190, y=90, z=0; VEL:0, y=0, z=0
+17054546297.0ns POS: x=190, y=90, z=0; VEL:50.297, y=0, z=0
+17266631048.0ns POS: x=200.667, y=90, z=0; VEL:0, y=0, z=0
+17266631048.0ns POS: x=200.667, y=90, z=0; VEL:50.161, y=0, z=0
+17452687428.0ns POS: x=210, y=90, z=0; VEL:0, y=0, z=0
+17452687428.0ns POS: x=210, y=90, z=0; VEL:0, y=50.161, z=0
+17497796463.0ns POS: x=190, y=90, z=0; VEL:0, y=0, z=0
+17497796463.0ns POS: x=190, y=90, z=0; VEL:50, y=0, z=0
+17565668208.0ns POS: x=210, y=95.6672, z=0; VEL:0, y=0, z=0
+17565668208.0ns POS: x=210, y=95.6672, z=0; VEL:0, y=50, z=0
+17765668208.0ns POS: x=210, y=105.667, z=0; VEL:0, y=0, z=0
+17765668208.0ns POS: x=210, y=105.667, z=0; VEL:0, y=50.0004, z=0
+17852322910.0ns POS: x=210, y=110, z=0; VEL:0, y=0, z=0
+17852322910.0ns POS: x=210, y=110, z=0; VEL:-50.0004, y=0, z=0
+17897796463.0ns POS: x=210, y=90, z=0; VEL:0, y=0, z=0
+17897796463.0ns POS: x=210, y=90, z=0; VEL:0, y=-50, z=0
+18391512544.0ns POS: x=210, y=65.3142, z=0; VEL:0, y=0, z=0
+18391512544.0ns POS: x=210, y=65.3142, z=0; VEL:0, y=-50, z=0
+18491512544.0ns POS: x=210, y=60.3142, z=0; VEL:0, y=0, z=0
+18491512544.0ns POS: x=210, y=60.3142, z=0; VEL:0, y=-50, z=0
+18697796463.0ns POS: x=210, y=50, z=0; VEL:0, y=0, z=0
+18697796463.0ns POS: x=210, y=50, z=0; VEL:-50, y=0, z=0
+18891512544.0ns POS: x=200.314, y=50, z=0; VEL:0, y=0, z=0
+18891512544.0ns POS: x=200.314, y=50, z=0; VEL:-50.0003, y=0, z=0
+19052312621.0ns POS: x=150, y=110, z=0; VEL:0, y=0, z=0
+19052312621.0ns POS: x=150, y=110, z=0; VEL:0, y=50.0004, z=0
+19291510338.0ns POS: x=180.314, y=50, z=0; VEL:0, y=0, z=0
+19291510338.0ns POS: x=180.314, y=50, z=0; VEL:-50, y=0, z=0
+19452309192.0ns POS: x=150, y=130, z=0; VEL:0, y=0, z=0
+19452309192.0ns POS: x=150, y=130, z=0; VEL:50.0004, y=0, z=0
+19497794257.0ns POS: x=170, y=50, z=0; VEL:0, y=0, z=0
+19497794257.0ns POS: x=170, y=50, z=0; VEL:0, y=-50, z=0
+19852305762.0ns POS: x=170, y=130, z=0; VEL:0, y=0, z=0
+19852305762.0ns POS: x=170, y=130, z=0; VEL:0, y=50.0004, z=0
+20252302333.0ns POS: x=170, y=150, z=0; VEL:0, y=0, z=0
+20252302333.0ns POS: x=170, y=150, z=0; VEL:50.0004, y=0, z=0
+20291510338.0ns POS: x=170, y=10.3142, z=0; VEL:0, y=0, z=0
+20291510338.0ns POS: x=170, y=10.3142, z=0; VEL:0, y=-50.0262, z=0
+20297790972.0ns POS: x=170, y=10, z=0; VEL:0, y=0, z=0
+20297790972.0ns POS: x=170, y=10, z=0; VEL:50.0262, y=0, z=0
+20365645916.0ns POS: x=175.667, y=150, z=0; VEL:0, y=0, z=0
+20365645916.0ns POS: x=175.667, y=150, z=0; VEL:50.0959, y=0, z=0
+20591353493.0ns POS: x=184.686, y=10, z=0; VEL:0, y=0, z=0
+20591353493.0ns POS: x=184.686, y=10, z=0; VEL:50, y=0, z=0
+20651752639.0ns POS: x=190, y=150, z=0; VEL:0, y=0, z=0
+20651752639.0ns POS: x=190, y=150, z=0; VEL:0, y=50.0959, z=0
+20697637412.0ns POS: x=190, y=10, z=0; VEL:0, y=0, z=0
+20697637412.0ns POS: x=190, y=10, z=0; VEL:0, y=50, z=0
+21097637412.0ns POS: x=190, y=30, z=0; VEL:0, y=0, z=0
+21097637412.0ns POS: x=190, y=30, z=0; VEL:50, y=0, z=0
+21363731695.0ns POS: x=190, y=185.667, z=0; VEL:0, y=0, z=0
+21363731695.0ns POS: x=190, y=185.667, z=0; VEL:0, y=50, z=0
+21450387140.0ns POS: x=190, y=190, z=0; VEL:0, y=0, z=0
+21450387140.0ns POS: x=190, y=190, z=0; VEL:50, y=0, z=0
+21463731695.0ns POS: x=190.667, y=190, z=0; VEL:0, y=0, z=0
+21463731695.0ns POS: x=190.667, y=190, z=0; VEL:50.1461, y=0, z=0
+21497637412.0ns POS: x=210, y=30, z=0; VEL:0, y=0, z=0
+21497637412.0ns POS: x=210, y=30, z=0; VEL:0, y=50, z=0
+21849260665.0ns POS: x=210, y=190, z=0; VEL:0, y=0, z=0
+21849260665.0ns POS: x=210, y=190, z=0; VEL:0, y=50.1461, z=0
+22191353493.0ns POS: x=210, y=64.6858, z=0; VEL:0, y=0, z=0
+22191353493.0ns POS: x=210, y=64.6858, z=0; VEL:0, y=50.0527, z=0
+22248095313.0ns POS: x=210, y=210, z=0; VEL:0, y=0, z=0
+22248095313.0ns POS: x=210, y=210, z=0; VEL:-50.1461, y=0, z=0
+22261400990.0ns POS: x=209.333, y=210, z=0; VEL:0, y=0, z=0
+22261400990.0ns POS: x=209.333, y=210, z=0; VEL:-50, y=0, z=0
+22661400990.0ns POS: x=189.333, y=210, z=0; VEL:0, y=0, z=0
+22661400990.0ns POS: x=189.333, y=210, z=0; VEL:-50.2765, y=0, z=0
+22697104380.0ns POS: x=210, y=90, z=0; VEL:0, y=0, z=0
+22697104380.0ns POS: x=210, y=90, z=0; VEL:-50.0527, y=0, z=0
+23158651608.0ns POS: x=164.333, y=210, z=0; VEL:0, y=0, z=0
+23158651608.0ns POS: x=164.333, y=210, z=0; VEL:-50.1351, y=0, z=0
+23290195378.0ns POS: x=180.314, y=90, z=0; VEL:0, y=0, z=0
+23290195378.0ns POS: x=180.314, y=90, z=0; VEL:-50.0395, y=0, z=0
+23557573353.0ns POS: x=144.333, y=210, z=0; VEL:0, y=0, z=0
+23557573353.0ns POS: x=144.333, y=210, z=0; VEL:-50, y=0, z=0
+23657573353.0ns POS: x=139.333, y=210, z=0; VEL:0, y=0, z=0
+23657573353.0ns POS: x=139.333, y=210, z=0; VEL:-50.1776, y=0, z=0
+23843568269.0ns POS: x=130, y=210, z=0; VEL:0, y=0, z=0
+23843568269.0ns POS: x=130, y=210, z=0; VEL:0, y=-50.1776, z=0
+23896000991.0ns POS: x=150, y=90, z=0; VEL:0, y=0, z=0
+23896000991.0ns POS: x=150, y=90, z=0; VEL:0, y=-50.0395, z=0
+24155803974.0ns POS: x=130, y=194.333, z=0; VEL:0, y=0, z=0
+24155803974.0ns POS: x=130, y=194.333, z=0; VEL:0, y=-50.0508, z=0
+24255702465.0ns POS: x=130, y=189.333, z=0; VEL:0, y=0, z=0
+24255702465.0ns POS: x=130, y=189.333, z=0; VEL:0, y=-50, z=0
+24555702465.0ns POS: x=130, y=174.333, z=0; VEL:0, y=0, z=0
+24555702465.0ns POS: x=130, y=174.333, z=0; VEL:0, y=-50.0057, z=0
+24589169790.0ns POS: x=150, y=55.3142, z=0; VEL:0, y=0, z=0
+24589169790.0ns POS: x=150, y=55.3142, z=0; VEL:0, y=-50.0885, z=0
+24642347966.0ns POS: x=130, y=170, z=0; VEL:0, y=0, z=0
+24642347966.0ns POS: x=130, y=170, z=0; VEL:50.0057, y=0, z=0
+24855668038.0ns POS: x=140.667, y=170, z=0; VEL:0, y=0, z=0
+24855668038.0ns POS: x=140.667, y=170, z=0; VEL:50, y=0, z=0
+25042323483.0ns POS: x=150, y=170, z=0; VEL:0, y=0, z=0
+25042323483.0ns POS: x=150, y=170, z=0; VEL:0, y=50, z=0
+25055668038.0ns POS: x=150, y=170.667, z=0; VEL:0, y=0, z=0
+25055668038.0ns POS: x=150, y=170.667, z=0; VEL:0, y=50.0824, z=0
+25088286003.0ns POS: x=150, y=30.3142, z=0; VEL:0, y=0, z=0
+25088286003.0ns POS: x=150, y=30.3142, z=0; VEL:0, y=-50.1638, z=0
+25094549400.0ns POS: x=150, y=30, z=0; VEL:0, y=0, z=0
+25094549400.0ns POS: x=150, y=30, z=0; VEL:50.1638, y=0, z=0
+25441687275.0ns POS: x=150, y=190, z=0; VEL:0, y=0, z=0
+25441687275.0ns POS: x=150, y=190, z=0; VEL:50.0824, y=0, z=0
+25486979680.0ns POS: x=169.686, y=30, z=0; VEL:0, y=0, z=0
+25486979680.0ns POS: x=169.686, y=30, z=0; VEL:50.0261, y=0, z=0
+25954187168.0ns POS: x=175.667, y=190, z=0; VEL:0, y=0, z=0
+25954187168.0ns POS: x=175.667, y=190, z=0; VEL:50, y=0, z=0
+26292843490.0ns POS: x=210, y=30, z=0; VEL:0, y=0, z=0
+26292843490.0ns POS: x=210, y=30, z=0; VEL:0, y=50.0261, z=0
+26486458637.0ns POS: x=210, y=39.6858, z=0; VEL:0, y=0, z=0
+26486458637.0ns POS: x=210, y=39.6858, z=0; VEL:0, y=50, z=0
+26640842612.0ns POS: x=210, y=190, z=0; VEL:0, y=0, z=0
+26640842612.0ns POS: x=210, y=190, z=0; VEL:0, y=50, z=0
+26654187168.0ns POS: x=210, y=190.667, z=0; VEL:0, y=0, z=0
+26654187168.0ns POS: x=210, y=190.667, z=0; VEL:0, y=50, z=0
+26686458637.0ns POS: x=210, y=49.6858, z=0; VEL:0, y=0, z=0
+26686458637.0ns POS: x=210, y=49.6858, z=0; VEL:0, y=50.272, z=0
+26785917667.0ns POS: x=210, y=54.6858, z=0; VEL:0, y=0, z=0
+26785917667.0ns POS: x=210, y=54.6858, z=0; VEL:0, y=50.0365, z=0
+27040842612.0ns POS: x=210, y=210, z=0; VEL:0, y=0, z=0
+27040842612.0ns POS: x=210, y=210, z=0; VEL:-50, y=0, z=0
+27091977892.0ns POS: x=210, y=70, z=0; VEL:0, y=0, z=0
+27091977892.0ns POS: x=210, y=70, z=0; VEL:-50.0365, y=0, z=0
+27491685753.0ns POS: x=190, y=70, z=0; VEL:0, y=0, z=0
+27491685753.0ns POS: x=190, y=70, z=0; VEL:0, y=50.0365, z=0
+27785187319.0ns POS: x=190, y=84.6858, z=0; VEL:0, y=0, z=0
+27785187319.0ns POS: x=190, y=84.6858, z=0; VEL:0, y=50, z=0
+27891471237.0ns POS: x=190, y=90, z=0; VEL:0, y=0, z=0
+27891471237.0ns POS: x=190, y=90, z=0; VEL:50, y=0, z=0
+28185187319.0ns POS: x=204.686, y=90, z=0; VEL:0, y=0, z=0
+28185187319.0ns POS: x=204.686, y=90, z=0; VEL:50, y=0, z=0
+28240842612.0ns POS: x=150, y=210, z=0; VEL:0, y=0, z=0
+28240842612.0ns POS: x=150, y=210, z=0; VEL:0, y=-50, z=0
+28291471237.0ns POS: x=210, y=90, z=0; VEL:0, y=0, z=0
+28291471237.0ns POS: x=210, y=90, z=0; VEL:0, y=-50, z=0
+28354187168.0ns POS: x=150, y=204.333, z=0; VEL:0, y=0, z=0
+28354187168.0ns POS: x=150, y=204.333, z=0; VEL:0, y=-50, z=0
+28640842612.0ns POS: x=150, y=190, z=0; VEL:0, y=0, z=0
+28640842612.0ns POS: x=150, y=190, z=0; VEL:50, y=0, z=0
+28885187319.0ns POS: x=210, y=60.3142, z=0; VEL:0, y=0, z=0
+28885187319.0ns POS: x=210, y=60.3142, z=0; VEL:0, y=-50, z=0
+29040842612.0ns POS: x=170, y=190, z=0; VEL:0, y=0, z=0
+29040842612.0ns POS: x=170, y=190, z=0; VEL:0, y=50, z=0
+29091471237.0ns POS: x=210, y=50, z=0; VEL:0, y=0, z=0
+29091471237.0ns POS: x=210, y=50, z=0; VEL:-50, y=0, z=0
+29385187319.0ns POS: x=195.314, y=50, z=0; VEL:0, y=0, z=0
+29385187319.0ns POS: x=195.314, y=50, z=0; VEL:-50, y=0, z=0
+29440842612.0ns POS: x=170, y=210, z=0; VEL:0, y=0, z=0
+29440842612.0ns POS: x=170, y=210, z=0; VEL:50, y=0, z=0
+29485187319.0ns POS: x=190.314, y=50, z=0; VEL:0, y=0, z=0
+29485187319.0ns POS: x=190.314, y=50, z=0; VEL:-50.5972, y=0, z=0
+29491397065.0ns POS: x=190, y=50, z=0; VEL:0, y=0, z=0
+29491397065.0ns POS: x=190, y=50, z=0; VEL:0, y=50.5972, z=0
+29584006969.0ns POS: x=190, y=54.6858, z=0; VEL:0, y=0, z=0
+29584006969.0ns POS: x=190, y=54.6858, z=0; VEL:0, y=50.041, z=0
+29754187168.0ns POS: x=185.667, y=210, z=0; VEL:0, y=0, z=0
+29754187168.0ns POS: x=185.667, y=210, z=0; VEL:50.0064, y=0, z=0
+30154135631.0ns POS: x=205.667, y=210, z=0; VEL:0, y=0, z=0
+30154135631.0ns POS: x=205.667, y=210, z=0; VEL:50, y=0, z=0
+30240791076.0ns POS: x=210, y=210, z=0; VEL:0, y=0, z=0
+30240791076.0ns POS: x=210, y=210, z=0; VEL:0, y=-50, z=0
+30283433880.0ns POS: x=190, y=89.6858, z=0; VEL:0, y=0, z=0
+30283433880.0ns POS: x=190, y=89.6858, z=0; VEL:0, y=50, z=0
+30554135631.0ns POS: x=210, y=194.333, z=0; VEL:0, y=0, z=0
+30554135631.0ns POS: x=210, y=194.333, z=0; VEL:0, y=-50.2218, z=0
+30653693902.0ns POS: x=210, y=189.333, z=0; VEL:0, y=0, z=0
+30653693902.0ns POS: x=210, y=189.333, z=0; VEL:0, y=-50.1019, z=0
+30783433880.0ns POS: x=190, y=114.686, z=0; VEL:0, y=0, z=0
+30783433880.0ns POS: x=190, y=114.686, z=0; VEL:0, y=50, z=0
+30953083676.0ns POS: x=210, y=174.333, z=0; VEL:0, y=0, z=0
+30953083676.0ns POS: x=210, y=174.333, z=0; VEL:0, y=-50, z=0
+31039739120.0ns POS: x=210, y=170, z=0; VEL:0, y=0, z=0
+31039739120.0ns POS: x=210, y=170, z=0; VEL:-50, y=0, z=0
+31383433880.0ns POS: x=190, y=144.686, z=0; VEL:0, y=0, z=0
+31383433880.0ns POS: x=190, y=144.686, z=0; VEL:0, y=50, z=0
+31439739120.0ns POS: x=190, y=170, z=0; VEL:0, y=0, z=0
+31439739120.0ns POS: x=190, y=170, z=0; VEL:0, y=50, z=0
+31483433880.0ns POS: x=190, y=149.686, z=0; VEL:0, y=0, z=0
+31483433880.0ns POS: x=190, y=149.686, z=0; VEL:0, y=50, z=0
+31489717798.0ns POS: x=190, y=150, z=0; VEL:0, y=0, z=0
+31489717798.0ns POS: x=190, y=150, z=0; VEL:50, y=0, z=0
+31553083676.0ns POS: x=190, y=175.667, z=0; VEL:0, y=0, z=0
+31553083676.0ns POS: x=190, y=175.667, z=0; VEL:0, y=50.1055, z=0
+31783433880.0ns POS: x=204.686, y=150, z=0; VEL:0, y=0, z=0
+31783433880.0ns POS: x=204.686, y=150, z=0; VEL:50, y=0, z=0
+31839135385.0ns POS: x=190, y=190, z=0; VEL:0, y=0, z=0
+31839135385.0ns POS: x=190, y=190, z=0; VEL:50.1055, y=0, z=0
+31889717798.0ns POS: x=210, y=150, z=0; VEL:0, y=0, z=0
+31889717798.0ns POS: x=210, y=150, z=0; VEL:0, y=50, z=0
+31983433880.0ns POS: x=210, y=154.686, z=0; VEL:0, y=0, z=0
+31983433880.0ns POS: x=210, y=154.686, z=0; VEL:0, y=50, z=0
+32238292931.0ns POS: x=210, y=190, z=0; VEL:0, y=0, z=0
+32238292931.0ns POS: x=210, y=190, z=0; VEL:0, y=50.1055, z=0
+32251609381.0ns POS: x=210, y=190.667, z=0; VEL:0, y=0, z=0
+32251609381.0ns POS: x=210, y=190.667, z=0; VEL:0, y=50, z=0
+32289717798.0ns POS: x=210, y=170, z=0; VEL:0, y=0, z=0
+32289717798.0ns POS: x=210, y=170, z=0; VEL:-50, y=0, z=0
+32351609381.0ns POS: x=210, y=195.667, z=0; VEL:0, y=0, z=0
+32351609381.0ns POS: x=210, y=195.667, z=0; VEL:0, y=50, z=0
+32638264825.0ns POS: x=210, y=210, z=0; VEL:0, y=0, z=0
+32638264825.0ns POS: x=210, y=210, z=0; VEL:-50, y=0, z=0
+32683433880.0ns POS: x=190.314, y=170, z=0; VEL:0, y=0, z=0
+32683433880.0ns POS: x=190.314, y=170, z=0; VEL:-50, y=0, z=0
+32751609381.0ns POS: x=204.333, y=210, z=0; VEL:0, y=0, z=0
+32751609381.0ns POS: x=204.333, y=210, z=0; VEL:-50.0815, y=0, z=0
+33037798401.0ns POS: x=190, y=210, z=0; VEL:0, y=0, z=0
+33037798401.0ns POS: x=190, y=210, z=0; VEL:0, y=-50.0815, z=0
+33283433880.0ns POS: x=160.314, y=170, z=0; VEL:0, y=0, z=0
+33283433880.0ns POS: x=160.314, y=170, z=0; VEL:-50, y=0, z=0
+33350633106.0ns POS: x=190, y=194.333, z=0; VEL:0, y=0, z=0
+33350633106.0ns POS: x=190, y=194.333, z=0; VEL:0, y=-50.0901, z=0
+33437132646.0ns POS: x=190, y=190, z=0; VEL:0, y=0, z=0
+33437132646.0ns POS: x=190, y=190, z=0; VEL:50.0901, y=0, z=0
+33489717798.0ns POS: x=150, y=170, z=0; VEL:0, y=0, z=0
+33489717798.0ns POS: x=150, y=170, z=0; VEL:0, y=-50, z=0
+33749913455.0ns POS: x=205.667, y=190, z=0; VEL:0, y=0, z=0
+33749913455.0ns POS: x=205.667, y=190, z=0; VEL:50, y=0, z=0
+33836568899.0ns POS: x=210, y=190, z=0; VEL:0, y=0, z=0
+33836568899.0ns POS: x=210, y=190, z=0; VEL:0, y=-50, z=0
+34283433880.0ns POS: x=150, y=130.314, z=0; VEL:0, y=0, z=0
+34283433880.0ns POS: x=150, y=130.314, z=0; VEL:0, y=-50.1105, z=0
+34383213413.0ns POS: x=150, y=125.314, z=0; VEL:0, y=0, z=0
+34383213413.0ns POS: x=150, y=125.314, z=0; VEL:0, y=-50, z=0
+34549913455.0ns POS: x=210, y=154.333, z=0; VEL:0, y=0, z=0
+34549913455.0ns POS: x=210, y=154.333, z=0; VEL:0, y=-50.2027, z=0
+34636219030.0ns POS: x=210, y=150, z=0; VEL:0, y=0, z=0
+34636219030.0ns POS: x=210, y=150, z=0; VEL:-50.2027, y=0, z=0
+34848702212.0ns POS: x=199.333, y=150, z=0; VEL:0, y=0, z=0
+34848702212.0ns POS: x=199.333, y=150, z=0; VEL:-50.1163, y=0, z=0
+35034924369.0ns POS: x=190, y=150, z=0; VEL:0, y=0, z=0
+35034924369.0ns POS: x=190, y=150, z=0; VEL:0, y=50.1163, z=0
+35089497332.0ns POS: x=150, y=90, z=0; VEL:0, y=0, z=0
+35089497332.0ns POS: x=150, y=90, z=0; VEL:50, y=0, z=0
+35247773683.0ns POS: x=190, y=160.667, z=0; VEL:0, y=0, z=0
+35247773683.0ns POS: x=190, y=160.667, z=0; VEL:0, y=50, z=0
+35489497332.0ns POS: x=170, y=90, z=0; VEL:0, y=0, z=0
+35489497332.0ns POS: x=170, y=90, z=0; VEL:0, y=-50, z=0
+36047773683.0ns POS: x=190, y=200.667, z=0; VEL:0, y=0, z=0
+36047773683.0ns POS: x=190, y=200.667, z=0; VEL:0, y=50, z=0
+36234429128.0ns POS: x=190, y=210, z=0; VEL:0, y=0, z=0
+36234429128.0ns POS: x=190, y=210, z=0; VEL:50, y=0, z=0
+36383213413.0ns POS: x=170, y=45.3142, z=0; VEL:0, y=0, z=0
+36383213413.0ns POS: x=170, y=45.3142, z=0; VEL:0, y=-50, z=0
+36583213413.0ns POS: x=170, y=35.3142, z=0; VEL:0, y=0, z=0
+36583213413.0ns POS: x=170, y=35.3142, z=0; VEL:0, y=-50.1641, z=0
+36634429128.0ns POS: x=210, y=210, z=0; VEL:0, y=0, z=0
+36634429128.0ns POS: x=210, y=210, z=0; VEL:0, y=-50, z=0
+36689149664.0ns POS: x=170, y=30, z=0; VEL:0, y=0, z=0
+36689149664.0ns POS: x=170, y=30, z=0; VEL:50.1641, y=0, z=0
+36782559189.0ns POS: x=174.686, y=30, z=0; VEL:0, y=0, z=0
+36782559189.0ns POS: x=174.686, y=30, z=0; VEL:50.3531, y=0, z=0
+36881857934.0ns POS: x=179.686, y=30, z=0; VEL:0, y=0, z=0
+36881857934.0ns POS: x=179.686, y=30, z=0; VEL:50.2327, y=0, z=0
+37347773683.0ns POS: x=210, y=174.333, z=0; VEL:0, y=0, z=0
+37347773683.0ns POS: x=210, y=174.333, z=0; VEL:0, y=-50.1709, z=0
+37447433068.0ns POS: x=210, y=169.333, z=0; VEL:0, y=0, z=0
+37447433068.0ns POS: x=210, y=169.333, z=0; VEL:0, y=-50.1953, z=0
+37479078926.0ns POS: x=209.686, y=30, z=0; VEL:0, y=0, z=0
+37479078926.0ns POS: x=209.686, y=30, z=0; VEL:50.1916, y=0, z=0
+37485338857.0ns POS: x=210, y=30, z=0; VEL:0, y=0, z=0
+37485338857.0ns POS: x=210, y=30, z=0; VEL:0, y=50.1916, z=0
+37746265988.0ns POS: x=210, y=154.333, z=0; VEL:0, y=0, z=0
+37746265988.0ns POS: x=210, y=154.333, z=0; VEL:0, y=-50.1539, z=0
+37832655459.0ns POS: x=210, y=150, z=0; VEL:0, y=0, z=0
+37832655459.0ns POS: x=210, y=150, z=0; VEL:-50.1539, y=0, z=0
+38145038255.0ns POS: x=194.333, y=150, z=0; VEL:0, y=0, z=0
+38145038255.0ns POS: x=194.333, y=150, z=0; VEL:-50, y=0, z=0
+38231693699.0ns POS: x=190, y=150, z=0; VEL:0, y=0, z=0
+38231693699.0ns POS: x=190, y=150, z=0; VEL:0, y=-50, z=0
+38282285003.0ns POS: x=210, y=70, z=0; VEL:0, y=0, z=0
+38282285003.0ns POS: x=210, y=70, z=0; VEL:-50.1916, y=0, z=0
+38375643340.0ns POS: x=205.314, y=70, z=0; VEL:0, y=0, z=0
+38375643340.0ns POS: x=205.314, y=70, z=0; VEL:-50.0546, y=0, z=0
+38675316288.0ns POS: x=190.314, y=70, z=0; VEL:0, y=0, z=0
+38675316288.0ns POS: x=190.314, y=70, z=0; VEL:-50.0905, y=0, z=0
+38681588859.0ns POS: x=190, y=70, z=0; VEL:0, y=0, z=0
+38681588859.0ns POS: x=190, y=70, z=0; VEL:0, y=50.0905, z=0
+38845038255.0ns POS: x=190, y=119.333, z=0; VEL:0, y=0, z=0
+38845038255.0ns POS: x=190, y=119.333, z=0; VEL:0, y=-50.0445, z=0
+38944949321.0ns POS: x=190, y=114.333, z=0; VEL:0, y=0, z=0
+38944949321.0ns POS: x=190, y=114.333, z=0; VEL:0, y=-50.0365, z=0
+39031541519.0ns POS: x=190, y=110, z=0; VEL:0, y=0, z=0
+39031541519.0ns POS: x=190, y=110, z=0; VEL:50.0365, y=0, z=0
+39080866491.0ns POS: x=190, y=90, z=0; VEL:0, y=0, z=0
+39080866491.0ns POS: x=190, y=90, z=0; VEL:50.0905, y=0, z=0
+39144803348.0ns POS: x=195.667, y=110, z=0; VEL:0, y=0, z=0
+39144803348.0ns POS: x=195.667, y=110, z=0; VEL:50.5953, y=0, z=0
+39174413329.0ns POS: x=194.686, y=90, z=0; VEL:0, y=0, z=0
+39174413329.0ns POS: x=194.686, y=90, z=0; VEL:50.0108, y=0, z=0
+39428085905.0ns POS: x=210, y=110, z=0; VEL:0, y=0, z=0
+39428085905.0ns POS: x=210, y=110, z=0; VEL:0, y=50.5953, z=0
+39480630874.0ns POS: x=210, y=90, z=0; VEL:0, y=0, z=0
+39480630874.0ns POS: x=210, y=90, z=0; VEL:0, y=50.0108, z=0
+39774283304.0ns POS: x=210, y=104.686, z=0; VEL:0, y=0, z=0
+39774283304.0ns POS: x=210, y=104.686, z=0; VEL:0, y=50.1662, z=0
+39823379367.0ns POS: x=210, y=130, z=0; VEL:0, y=0, z=0
+39823379367.0ns POS: x=210, y=130, z=0; VEL:-50.5953, y=0, z=0
+39935390271.0ns POS: x=204.333, y=130, z=0; VEL:0, y=0, z=0
+39935390271.0ns POS: x=204.333, y=130, z=0; VEL:-50, y=0, z=0
+40073289285.0ns POS: x=210, y=119.686, z=0; VEL:0, y=0, z=0
+40073289285.0ns POS: x=210, y=119.686, z=0; VEL:0, y=50.0006, z=0
+40222045716.0ns POS: x=190, y=130, z=0; VEL:0, y=0, z=0
+40222045716.0ns POS: x=190, y=130, z=0; VEL:0, y=-50, z=0
+40235390271.0ns POS: x=190, y=129.333, z=0; VEL:0, y=0, z=0
+40235390271.0ns POS: x=190, y=129.333, z=0; VEL:0, y=-50, z=0
+40273286722.0ns POS: x=210, y=129.686, z=0; VEL:0, y=0, z=0
+40273286722.0ns POS: x=210, y=129.686, z=0; VEL:0, y=50, z=0
+40279570641.0ns POS: x=210, y=130, z=0; VEL:0, y=0, z=0
+40279570641.0ns POS: x=210, y=130, z=0; VEL:-50, y=0, z=0
+40435390271.0ns POS: x=190, y=119.333, z=0; VEL:0, y=0, z=0
+40435390271.0ns POS: x=190, y=119.333, z=0; VEL:0, y=-50.1431, z=0
+40473286722.0ns POS: x=200.314, y=130, z=0; VEL:0, y=0, z=0
+40473286722.0ns POS: x=200.314, y=130, z=0; VEL:-50, y=0, z=0
+40573286722.0ns POS: x=195.314, y=130, z=0; VEL:0, y=0, z=0
+40573286722.0ns POS: x=195.314, y=130, z=0; VEL:-50, y=0, z=0
+40621512903.0ns POS: x=190, y=110, z=0; VEL:0, y=0, z=0
+40621512903.0ns POS: x=190, y=110, z=0; VEL:50.1431, y=0, z=0
+40679570641.0ns POS: x=190, y=130, z=0; VEL:0, y=0, z=0
+40679570641.0ns POS: x=190, y=130, z=0; VEL:0, y=50, z=0
+40873286722.0ns POS: x=190, y=139.686, z=0; VEL:0, y=0, z=0
+40873286722.0ns POS: x=190, y=139.686, z=0; VEL:0, y=50.1298, z=0
+41020371094.0ns POS: x=210, y=110, z=0; VEL:0, y=0, z=0
+41020371094.0ns POS: x=210, y=110, z=0; VEL:0, y=50.1431, z=0
+41033677556.0ns POS: x=210, y=110.667, z=0; VEL:0, y=0, z=0
+41033677556.0ns POS: x=210, y=110.667, z=0; VEL:0, y=50.0265, z=0
+41233571805.0ns POS: x=210, y=120.667, z=0; VEL:0, y=0, z=0
+41233571805.0ns POS: x=210, y=120.667, z=0; VEL:0, y=50.1113, z=0
+41371991996.0ns POS: x=190, y=164.686, z=0; VEL:0, y=0, z=0
+41371991996.0ns POS: x=190, y=164.686, z=0; VEL:0, y=50, z=0
+41478275914.0ns POS: x=190, y=170, z=0; VEL:0, y=0, z=0
+41478275914.0ns POS: x=190, y=170, z=0; VEL:50, y=0, z=0
+41571991996.0ns POS: x=194.686, y=170, z=0; VEL:0, y=0, z=0
+41571991996.0ns POS: x=194.686, y=170, z=0; VEL:50.2216, y=0, z=0
+41832239660.0ns POS: x=210, y=150.667, z=0; VEL:0, y=0, z=0
+41832239660.0ns POS: x=210, y=150.667, z=0; VEL:0, y=50.1007, z=0
+41876924173.0ns POS: x=210, y=170, z=0; VEL:0, y=0, z=0
+41876924173.0ns POS: x=210, y=170, z=0; VEL:0, y=-50.2216, z=0
+42131636589.0ns POS: x=210, y=165.667, z=0; VEL:0, y=0, z=0
+42131636589.0ns POS: x=210, y=165.667, z=0; VEL:0, y=50, z=0
+42218292033.0ns POS: x=210, y=170, z=0; VEL:0, y=0, z=0
+42218292033.0ns POS: x=210, y=170, z=0; VEL:-50, y=0, z=0
+42531636589.0ns POS: x=194.333, y=170, z=0; VEL:0, y=0, z=0
+42531636589.0ns POS: x=194.333, y=170, z=0; VEL:-50.094, y=0, z=0
+42618129414.0ns POS: x=190, y=170, z=0; VEL:0, y=0, z=0
+42618129414.0ns POS: x=190, y=170, z=0; VEL:0, y=-50.094, z=0
+43017378769.0ns POS: x=190, y=150, z=0; VEL:0, y=0, z=0
+43017378769.0ns POS: x=190, y=150, z=0; VEL:50.094, y=0, z=0
+43065371953.0ns POS: x=210, y=110.314, z=0; VEL:0, y=0, z=0
+43065371953.0ns POS: x=210, y=110.314, z=0; VEL:0, y=-50, z=0
+43071655872.0ns POS: x=210, y=110, z=0; VEL:0, y=0, z=0
+43071655872.0ns POS: x=210, y=110, z=0; VEL:-50, y=0, z=0
+43165371953.0ns POS: x=205.314, y=110, z=0; VEL:0, y=0, z=0
+43165371953.0ns POS: x=205.314, y=110, z=0; VEL:-50.1127, y=0, z=0
+43416628124.0ns POS: x=210, y=150, z=0; VEL:0, y=0, z=0
+43416628124.0ns POS: x=210, y=150, z=0; VEL:0, y=50.094, z=0
+43470966886.0ns POS: x=190, y=110, z=0; VEL:0, y=0, z=0
+43470966886.0ns POS: x=190, y=110, z=0; VEL:0, y=50.1127, z=0
+43529759976.0ns POS: x=210, y=155.667, z=0; VEL:0, y=0, z=0
+43529759976.0ns POS: x=210, y=155.667, z=0; VEL:0, y=50, z=0
+43564472153.0ns POS: x=190, y=114.686, z=0; VEL:0, y=0, z=0
+43564472153.0ns POS: x=190, y=114.686, z=0; VEL:0, y=50, z=0
+43729759976.0ns POS: x=210, y=165.667, z=0; VEL:0, y=0, z=0
+43729759976.0ns POS: x=210, y=165.667, z=0; VEL:0, y=50.0737, z=0
+43816287926.0ns POS: x=210, y=170, z=0; VEL:0, y=0, z=0
+43816287926.0ns POS: x=210, y=170, z=0; VEL:-50.0737, y=0, z=0
+44364472153.0ns POS: x=190, y=154.686, z=0; VEL:0, y=0, z=0
+44364472153.0ns POS: x=190, y=154.686, z=0; VEL:0, y=50, z=0
+44528582950.0ns POS: x=174.333, y=170, z=0; VEL:0, y=0, z=0
+44528582950.0ns POS: x=174.333, y=170, z=0; VEL:-50.016, y=0, z=0
+44564472153.0ns POS: x=190, y=164.686, z=0; VEL:0, y=0, z=0
+44564472153.0ns POS: x=190, y=164.686, z=0; VEL:0, y=50, z=0
+44615210601.0ns POS: x=170, y=170, z=0; VEL:0, y=0, z=0
+44615210601.0ns POS: x=170, y=170, z=0; VEL:0, y=50.016, z=0
+44628550876.0ns POS: x=170, y=170.667, z=0; VEL:0, y=0, z=0
+44628550876.0ns POS: x=170, y=170.667, z=0; VEL:0, y=50.239, z=0
+44670756071.0ns POS: x=190, y=170, z=0; VEL:0, y=0, z=0
+44670756071.0ns POS: x=190, y=170, z=0; VEL:50, y=0, z=0
+44827599444.0ns POS: x=170, y=180.667, z=0; VEL:0, y=0, z=0
+44827599444.0ns POS: x=170, y=180.667, z=0; VEL:0, y=50.1554, z=0
+45013676546.0ns POS: x=170, y=190, z=0; VEL:0, y=0, z=0
+45013676546.0ns POS: x=170, y=190, z=0; VEL:50.1554, y=0, z=0
+45070756071.0ns POS: x=210, y=170, z=0; VEL:0, y=0, z=0
+45070756071.0ns POS: x=210, y=170, z=0; VEL:0, y=50, z=0
+45226360064.0ns POS: x=180.667, y=190, z=0; VEL:0, y=0, z=0
+45226360064.0ns POS: x=180.667, y=190, z=0; VEL:50.2154, y=0, z=0
+45264472153.0ns POS: x=210, y=179.686, z=0; VEL:0, y=0, z=0
+45264472153.0ns POS: x=210, y=179.686, z=0; VEL:0, y=50.0811, z=0
+45325931170.0ns POS: x=185.667, y=190, z=0; VEL:0, y=0, z=0
+45325931170.0ns POS: x=185.667, y=190, z=0; VEL:50.1973, y=0, z=0
+45412245943.0ns POS: x=190, y=190, z=0; VEL:0, y=0, z=0
+45412245943.0ns POS: x=190, y=190, z=0; VEL:0, y=-50.1973, z=0
+45525144903.0ns POS: x=190, y=184.333, z=0; VEL:0, y=0, z=0
+45525144903.0ns POS: x=190, y=184.333, z=0; VEL:0, y=-50, z=0
+45625144903.0ns POS: x=190, y=179.333, z=0; VEL:0, y=0, z=0
+45625144903.0ns POS: x=190, y=179.333, z=0; VEL:0, y=-50.039, z=0
+45811654757.0ns POS: x=190, y=170, z=0; VEL:0, y=0, z=0
+45811654757.0ns POS: x=190, y=170, z=0; VEL:50.039, y=0, z=0
+45869774475.0ns POS: x=210, y=210, z=0; VEL:0, y=0, z=0
+45869774475.0ns POS: x=210, y=210, z=0; VEL:-50.0811, y=0, z=0
+45924910904.0ns POS: x=195.667, y=170, z=0; VEL:0, y=0, z=0
+45924910904.0ns POS: x=195.667, y=170, z=0; VEL:50, y=0, z=0
+46211566349.0ns POS: x=210, y=170, z=0; VEL:0, y=0, z=0
+46211566349.0ns POS: x=210, y=170, z=0; VEL:0, y=50, z=0
+46269126861.0ns POS: x=190, y=210, z=0; VEL:0, y=0, z=0
+46269126861.0ns POS: x=190, y=210, z=0; VEL:0, y=-50.0811, z=0
+46424910904.0ns POS: x=210, y=180.667, z=0; VEL:0, y=0, z=0
+46424910904.0ns POS: x=210, y=180.667, z=0; VEL:0, y=50.1532, z=0
+46462529308.0ns POS: x=190, y=200.314, z=0; VEL:0, y=0, z=0
+46462529308.0ns POS: x=190, y=200.314, z=0; VEL:0, y=-50, z=0
+46524605499.0ns POS: x=210, y=185.667, z=0; VEL:0, y=0, z=0
+46524605499.0ns POS: x=210, y=185.667, z=0; VEL:0, y=50, z=0
+46668813227.0ns POS: x=190, y=190, z=0; VEL:0, y=0, z=0
+46668813227.0ns POS: x=190, y=190, z=0; VEL:50, y=0, z=0
+46724605499.0ns POS: x=210, y=195.667, z=0; VEL:0, y=0, z=0
+46724605499.0ns POS: x=210, y=195.667, z=0; VEL:0, y=50.0829, z=0
+46762529308.0ns POS: x=194.686, y=190, z=0; VEL:0, y=0, z=0
+46762529308.0ns POS: x=194.686, y=190, z=0; VEL:50, y=0, z=0
+46862529308.0ns POS: x=199.686, y=190, z=0; VEL:0, y=0, z=0
+46862529308.0ns POS: x=199.686, y=190, z=0; VEL:50, y=0, z=0
+47010786714.0ns POS: x=210, y=210, z=0; VEL:0, y=0, z=0
+47010786714.0ns POS: x=210, y=210, z=0; VEL:-50.0829, y=0, z=0
+47068813227.0ns POS: x=210, y=190, z=0; VEL:0, y=0, z=0
+47068813227.0ns POS: x=210, y=190, z=0; VEL:0, y=-50, z=0
+47423447450.0ns POS: x=189.333, y=210, z=0; VEL:0, y=0, z=0
+47423447450.0ns POS: x=189.333, y=210, z=0; VEL:-50.0661, y=0, z=0
+47468813227.0ns POS: x=210, y=170, z=0; VEL:0, y=0, z=0
+47468813227.0ns POS: x=210, y=170, z=0; VEL:-50, y=0, z=0
+48608536715.0ns POS: x=130, y=210, z=0; VEL:0, y=0, z=0
+48608536715.0ns POS: x=130, y=210, z=0; VEL:0, y=-50.0661, z=0
+48668813227.0ns POS: x=150, y=170, z=0; VEL:0, y=0, z=0
+48668813227.0ns POS: x=150, y=170, z=0; VEL:0, y=50, z=0
+48721731675.0ns POS: x=130, y=204.333, z=0; VEL:0, y=0, z=0
+48721731675.0ns POS: x=130, y=204.333, z=0; VEL:0, y=-50, z=0
+48762529308.0ns POS: x=150, y=174.686, z=0; VEL:0, y=0, z=0
+48762529308.0ns POS: x=150, y=174.686, z=0; VEL:0, y=50, z=0
+49062529308.0ns POS: x=150, y=189.686, z=0; VEL:0, y=0, z=0
+49062529308.0ns POS: x=150, y=189.686, z=0; VEL:0, y=50.2485, z=0
+49121731675.0ns POS: x=130, y=184.333, z=0; VEL:0, y=0, z=0
+49121731675.0ns POS: x=130, y=184.333, z=0; VEL:0, y=-50.1445, z=0
+49407561270.0ns POS: x=130, y=170, z=0; VEL:0, y=0, z=0
+49407561270.0ns POS: x=130, y=170, z=0; VEL:50.1445, y=0, z=0
+49466804044.0ns POS: x=150, y=210, z=0; VEL:0, y=0, z=0
+49466804044.0ns POS: x=150, y=210, z=0; VEL:50.2485, y=0, z=0
+49560056675.0ns POS: x=154.686, y=210, z=0; VEL:0, y=0, z=0
+49560056675.0ns POS: x=154.686, y=210, z=0; VEL:50.1163, y=0, z=0
+49806408877.0ns POS: x=150, y=170, z=0; VEL:0, y=0, z=0
+49806408877.0ns POS: x=150, y=170, z=0; VEL:0, y=50.1445, z=0
+49919426888.0ns POS: x=150, y=175.667, z=0; VEL:0, y=0, z=0
+49919426888.0ns POS: x=150, y=175.667, z=0; VEL:0, y=50.0168, z=0
+50019393257.0ns POS: x=150, y=180.667, z=0; VEL:0, y=0, z=0
+50019393257.0ns POS: x=150, y=180.667, z=0; VEL:0, y=50, z=0
+50264701827.0ns POS: x=190, y=210, z=0; VEL:0, y=0, z=0
+50264701827.0ns POS: x=190, y=210, z=0; VEL:0, y=-50.1163, z=0
+50606048702.0ns POS: x=150, y=210, z=0; VEL:0, y=0, z=0
+50606048702.0ns POS: x=150, y=210, z=0; VEL:50, y=0, z=0
+50719393257.0ns POS: x=155.667, y=210, z=0; VEL:0, y=0, z=0
+50719393257.0ns POS: x=155.667, y=210, z=0; VEL:50, y=0, z=0
+51006048702.0ns POS: x=170, y=210, z=0; VEL:0, y=0, z=0
+51006048702.0ns POS: x=170, y=210, z=0; VEL:0, y=-50, z=0
+51062845615.0ns POS: x=190, y=170, z=0; VEL:0, y=0, z=0
+51062845615.0ns POS: x=190, y=170, z=0; VEL:50.1163, y=0, z=0
+51461917508.0ns POS: x=210, y=170, z=0; VEL:0, y=0, z=0
+51461917508.0ns POS: x=210, y=170, z=0; VEL:0, y=-50.1163, z=0
+51555416143.0ns POS: x=210, y=165.314, z=0; VEL:0, y=0, z=0
+51555416143.0ns POS: x=210, y=165.314, z=0; VEL:0, y=-50.3702, z=0
+52019393257.0ns POS: x=170, y=159.333, z=0; VEL:0, y=0, z=0
+52019393257.0ns POS: x=170, y=159.333, z=0; VEL:0, y=-50.031, z=0
+52256509198.0ns POS: x=210, y=130, z=0; VEL:0, y=0, z=0
+52256509198.0ns POS: x=210, y=130, z=0; VEL:-50.3702, y=0, z=0
+52605684964.0ns POS: x=170, y=130, z=0; VEL:0, y=0, z=0
+52605684964.0ns POS: x=170, y=130, z=0; VEL:50.031, y=0, z=0
+52647331647.0ns POS: x=190.314, y=130, z=0; VEL:0, y=0, z=0
+52647331647.0ns POS: x=190.314, y=130, z=0; VEL:-50.0798, y=0, z=0
+52747172211.0ns POS: x=185.314, y=130, z=0; VEL:0, y=0, z=0
+52747172211.0ns POS: x=185.314, y=130, z=0; VEL:-50, y=0, z=0
+52818897241.0ns POS: x=180.667, y=130, z=0; VEL:0, y=0, z=0
+52818897241.0ns POS: x=180.667, y=130, z=0; VEL:50.2124, y=0, z=0
+53004763147.0ns POS: x=190, y=130, z=0; VEL:0, y=0, z=0
+53004763147.0ns POS: x=190, y=130, z=0; VEL:0, y=50.2124, z=0
+53403071178.0ns POS: x=190, y=150, z=0; VEL:0, y=0, z=0
+53403071178.0ns POS: x=190, y=150, z=0; VEL:50.2124, y=0, z=0
+53453456130.0ns POS: x=150, y=130, z=0; VEL:0, y=0, z=0
+53453456130.0ns POS: x=150, y=130, z=0; VEL:0, y=-50, z=0
+53715090309.0ns POS: x=205.667, y=150, z=0; VEL:0, y=0, z=0
+53715090309.0ns POS: x=205.667, y=150, z=0; VEL:50, y=0, z=0
+53747172211.0ns POS: x=150, y=115.314, z=0; VEL:0, y=0, z=0
+53747172211.0ns POS: x=150, y=115.314, z=0; VEL:0, y=-50, z=0
+53801745754.0ns POS: x=210, y=150, z=0; VEL:0, y=0, z=0
+53801745754.0ns POS: x=210, y=150, z=0; VEL:0, y=50, z=0
+54047172211.0ns POS: x=150, y=100.314, z=0; VEL:0, y=0, z=0
+54047172211.0ns POS: x=150, y=100.314, z=0; VEL:0, y=-50.0374, z=0
+54147097436.0ns POS: x=150, y=95.3142, z=0; VEL:0, y=0, z=0
+54147097436.0ns POS: x=150, y=95.3142, z=0; VEL:0, y=-50, z=0
+54201745754.0ns POS: x=210, y=170, z=0; VEL:0, y=0, z=0
+54201745754.0ns POS: x=210, y=170, z=0; VEL:-50, y=0, z=0
+54247097436.0ns POS: x=150, y=90.3142, z=0; VEL:0, y=0, z=0
+54247097436.0ns POS: x=150, y=90.3142, z=0; VEL:0, y=-50, z=0
+54515090309.0ns POS: x=194.333, y=170, z=0; VEL:0, y=0, z=0
+54515090309.0ns POS: x=194.333, y=170, z=0; VEL:-50.2713, y=0, z=0
+54714010984.0ns POS: x=184.333, y=170, z=0; VEL:0, y=0, z=0
+54714010984.0ns POS: x=184.333, y=170, z=0; VEL:-50, y=0, z=0
+54847097436.0ns POS: x=150, y=60.3142, z=0; VEL:0, y=0, z=0
+54847097436.0ns POS: x=150, y=60.3142, z=0; VEL:0, y=-50, z=0
+54947097436.0ns POS: x=150, y=55.3142, z=0; VEL:0, y=0, z=0
+54947097436.0ns POS: x=150, y=55.3142, z=0; VEL:0, y=-50, z=0
+55000666428.0ns POS: x=170, y=170, z=0; VEL:0, y=0, z=0
+55000666428.0ns POS: x=170, y=170, z=0; VEL:0, y=50, z=0
+55453381354.0ns POS: x=150, y=30, z=0; VEL:0, y=0, z=0
+55453381354.0ns POS: x=150, y=30, z=0; VEL:50, y=0, z=0
+55800666428.0ns POS: x=170, y=210, z=0; VEL:0, y=0, z=0
+55800666428.0ns POS: x=170, y=210, z=0; VEL:50, y=0, z=0
+55814010984.0ns POS: x=170.667, y=210, z=0; VEL:0, y=0, z=0
+55814010984.0ns POS: x=170.667, y=210, z=0; VEL:50.1547, y=0, z=0
+55947097436.0ns POS: x=174.686, y=30, z=0; VEL:0, y=0, z=0
+55947097436.0ns POS: x=174.686, y=30, z=0; VEL:50, y=0, z=0
+56113085403.0ns POS: x=185.667, y=210, z=0; VEL:0, y=0, z=0
+56113085403.0ns POS: x=185.667, y=210, z=0; VEL:50.2422, y=0, z=0
+56199323105.0ns POS: x=190, y=210, z=0; VEL:0, y=0, z=0
+56199323105.0ns POS: x=190, y=210, z=0; VEL:0, y=-50.2422, z=0
+56653381354.0ns POS: x=210, y=30, z=0; VEL:0, y=0, z=0
+56653381354.0ns POS: x=210, y=30, z=0; VEL:0, y=50, z=0
+56947097436.0ns POS: x=210, y=44.6858, z=0; VEL:0, y=0, z=0
+56947097436.0ns POS: x=210, y=44.6858, z=0; VEL:0, y=50, z=0
+56995466523.0ns POS: x=190, y=170, z=0; VEL:0, y=0, z=0
+56995466523.0ns POS: x=190, y=170, z=0; VEL:50.2422, y=0, z=0
+57053381354.0ns POS: x=210, y=50, z=0; VEL:0, y=0, z=0
+57053381354.0ns POS: x=210, y=50, z=0; VEL:-50, y=0, z=0
+57108264675.0ns POS: x=195.667, y=170, z=0; VEL:0, y=0, z=0
+57108264675.0ns POS: x=195.667, y=170, z=0; VEL:50, y=0, z=0
+57394920120.0ns POS: x=210, y=170, z=0; VEL:0, y=0, z=0
+57394920120.0ns POS: x=210, y=170, z=0; VEL:0, y=-50, z=0
+57453381354.0ns POS: x=190, y=50, z=0; VEL:0, y=0, z=0
+57453381354.0ns POS: x=190, y=50, z=0; VEL:0, y=-50, z=0
+57708264675.0ns POS: x=210, y=154.333, z=0; VEL:0, y=0, z=0
+57708264675.0ns POS: x=210, y=154.333, z=0; VEL:0, y=-50, z=0
+57794920120.0ns POS: x=210, y=150, z=0; VEL:0, y=0, z=0
+57794920120.0ns POS: x=210, y=150, z=0; VEL:-50, y=0, z=0
+57808264675.0ns POS: x=209.333, y=150, z=0; VEL:0, y=0, z=0
+57808264675.0ns POS: x=209.333, y=150, z=0; VEL:-50, y=0, z=0
+57847097436.0ns POS: x=190, y=30.3142, z=0; VEL:0, y=0, z=0
+57847097436.0ns POS: x=190, y=30.3142, z=0; VEL:0, y=-50.2328, z=0
+58046170716.0ns POS: x=190, y=20.3142, z=0; VEL:0, y=0, z=0
+58046170716.0ns POS: x=190, y=20.3142, z=0; VEL:0, y=-50, z=0
+58252454635.0ns POS: x=190, y=10, z=0; VEL:0, y=0, z=0
+58252454635.0ns POS: x=190, y=10, z=0; VEL:50, y=0, z=0
+58546170716.0ns POS: x=204.686, y=10, z=0; VEL:0, y=0, z=0
+58546170716.0ns POS: x=204.686, y=10, z=0; VEL:50, y=0, z=0
+58594920120.0ns POS: x=170, y=150, z=0; VEL:0, y=0, z=0
+58594920120.0ns POS: x=170, y=150, z=0; VEL:0, y=-50, z=0
+58646170716.0ns POS: x=209.686, y=10, z=0; VEL:0, y=0, z=0
+58646170716.0ns POS: x=209.686, y=10, z=0; VEL:50.0434, y=0, z=0
+58652449183.0ns POS: x=210, y=10, z=0; VEL:0, y=0, z=0
+58652449183.0ns POS: x=210, y=10, z=0; VEL:0, y=50.0434, z=0
+58908264675.0ns POS: x=170, y=134.333, z=0; VEL:0, y=0, z=0
+58908264675.0ns POS: x=170, y=134.333, z=0; VEL:0, y=-50, z=0
+58945910459.0ns POS: x=210, y=24.6858, z=0; VEL:0, y=0, z=0
+58945910459.0ns POS: x=210, y=24.6858, z=0; VEL:0, y=50.1721, z=0
+58994920120.0ns POS: x=170, y=130, z=0; VEL:0, y=0, z=0
+58994920120.0ns POS: x=170, y=130, z=0; VEL:50, y=0, z=0
+59108264675.0ns POS: x=175.667, y=130, z=0; VEL:0, y=0, z=0
+59108264675.0ns POS: x=175.667, y=130, z=0; VEL:50, y=0, z=0
+59394920120.0ns POS: x=190, y=130, z=0; VEL:0, y=0, z=0
+59394920120.0ns POS: x=190, y=130, z=0; VEL:0, y=-50, z=0
+59450457484.0ns POS: x=210, y=50, z=0; VEL:0, y=0, z=0
+59450457484.0ns POS: x=210, y=50, z=0; VEL:-50.1721, y=0, z=0
+59643508990.0ns POS: x=200.314, y=50, z=0; VEL:0, y=0, z=0
+59643508990.0ns POS: x=200.314, y=50, z=0; VEL:-50, y=0, z=0
+60194920120.0ns POS: x=190, y=90, z=0; VEL:0, y=0, z=0
+60194920120.0ns POS: x=190, y=90, z=0; VEL:50, y=0, z=0
+60594920120.0ns POS: x=210, y=90, z=0; VEL:0, y=0, z=0
+60594920120.0ns POS: x=210, y=90, z=0; VEL:0, y=50, z=0
+60608264675.0ns POS: x=210, y=90.6672, z=0; VEL:0, y=0, z=0
+60608264675.0ns POS: x=210, y=90.6672, z=0; VEL:0, y=50, z=0
+60643508990.0ns POS: x=150.314, y=50, z=0; VEL:0, y=0, z=0
+60643508990.0ns POS: x=150.314, y=50, z=0; VEL:-50, y=0, z=0
+60908264675.0ns POS: x=210, y=105.667, z=0; VEL:0, y=0, z=0
+60908264675.0ns POS: x=210, y=105.667, z=0; VEL:0, y=50, z=0
+61049792909.0ns POS: x=130, y=50, z=0; VEL:0, y=0, z=0
+61049792909.0ns POS: x=130, y=50, z=0; VEL:0, y=-50, z=0
+61108264675.0ns POS: x=210, y=115.667, z=0; VEL:0, y=0, z=0
+61108264675.0ns POS: x=210, y=115.667, z=0; VEL:0, y=50, z=0
+61308264675.0ns POS: x=210, y=125.667, z=0; VEL:0, y=0, z=0
+61308264675.0ns POS: x=210, y=125.667, z=0; VEL:0, y=50, z=0
+61394920120.0ns POS: x=210, y=130, z=0; VEL:0, y=0, z=0
+61394920120.0ns POS: x=210, y=130, z=0; VEL:-50, y=0, z=0
+61449792909.0ns POS: x=130, y=30, z=0; VEL:0, y=0, z=0
+61449792909.0ns POS: x=130, y=30, z=0; VEL:50, y=0, z=0
+61708264675.0ns POS: x=194.333, y=130, z=0; VEL:0, y=0, z=0
+61708264675.0ns POS: x=194.333, y=130, z=0; VEL:-50.1998, y=0, z=0
+61794575296.0ns POS: x=190, y=130, z=0; VEL:0, y=0, z=0
+61794575296.0ns POS: x=190, y=130, z=0; VEL:0, y=50.1998, z=0
+61849792909.0ns POS: x=150, y=30, z=0; VEL:0, y=0, z=0
+61849792909.0ns POS: x=150, y=30, z=0; VEL:0, y=50, z=0
+61943508990.0ns POS: x=150, y=34.6858, z=0; VEL:0, y=0, z=0
+61943508990.0ns POS: x=150, y=34.6858, z=0; VEL:0, y=50.1316, z=0
+62043246457.0ns POS: x=150, y=39.6858, z=0; VEL:0, y=0, z=0
+62043246457.0ns POS: x=150, y=39.6858, z=0; VEL:0, y=50.0254, z=0
+62143195613.0ns POS: x=150, y=44.6858, z=0; VEL:0, y=0, z=0
+62143195613.0ns POS: x=150, y=44.6858, z=0; VEL:0, y=50.2575, z=0
+62206275050.0ns POS: x=190, y=150.667, z=0; VEL:0, y=0, z=0
+62206275050.0ns POS: x=190, y=150.667, z=0; VEL:0, y=50.0917, z=0
+62505725857.0ns POS: x=190, y=165.667, z=0; VEL:0, y=0, z=0
+62505725857.0ns POS: x=190, y=165.667, z=0; VEL:0, y=50, z=0
+62592381302.0ns POS: x=190, y=170, z=0; VEL:0, y=0, z=0
+62592381302.0ns POS: x=190, y=170, z=0; VEL:50, y=0, z=0
+62939095953.0ns POS: x=150, y=84.6858, z=0; VEL:0, y=0, z=0
+62939095953.0ns POS: x=150, y=84.6858, z=0; VEL:0, y=50, z=0
+62992381302.0ns POS: x=210, y=170, z=0; VEL:0, y=0, z=0
+62992381302.0ns POS: x=210, y=170, z=0; VEL:0, y=-50, z=0
+63392381302.0ns POS: x=210, y=150, z=0; VEL:0, y=0, z=0
+63392381302.0ns POS: x=210, y=150, z=0; VEL:-50, y=0, z=0
+63439095953.0ns POS: x=150, y=109.686, z=0; VEL:0, y=0, z=0
+63439095953.0ns POS: x=150, y=109.686, z=0; VEL:0, y=50, z=0
+63445379872.0ns POS: x=150, y=110, z=0; VEL:0, y=0, z=0
+63445379872.0ns POS: x=150, y=110, z=0; VEL:50, y=0, z=0
+63505725857.0ns POS: x=204.333, y=150, z=0; VEL:0, y=0, z=0
+63505725857.0ns POS: x=204.333, y=150, z=0; VEL:-50.2702, y=0, z=0
+63704650772.0ns POS: x=194.333, y=150, z=0; VEL:0, y=0, z=0
+63704650772.0ns POS: x=194.333, y=150, z=0; VEL:-50, y=0, z=0
+63939095953.0ns POS: x=174.686, y=110, z=0; VEL:0, y=0, z=0
+63939095953.0ns POS: x=174.686, y=110, z=0; VEL:50, y=0, z=0
+64039095953.0ns POS: x=179.686, y=110, z=0; VEL:0, y=0, z=0
+64039095953.0ns POS: x=179.686, y=110, z=0; VEL:50.1144, y=0, z=0
+64104650772.0ns POS: x=174.333, y=150, z=0; VEL:0, y=0, z=0
+64104650772.0ns POS: x=174.333, y=150, z=0; VEL:-50, y=0, z=0
+64138867602.0ns POS: x=184.686, y=110, z=0; VEL:0, y=0, z=0
+64138867602.0ns POS: x=184.686, y=110, z=0; VEL:50.266, y=0, z=0
+64191306217.0ns POS: x=170, y=150, z=0; VEL:0, y=0, z=0
+64191306217.0ns POS: x=170, y=150, z=0; VEL:0, y=-50, z=0
+64204650772.0ns POS: x=170, y=149.333, z=0; VEL:0, y=0, z=0
+64204650772.0ns POS: x=170, y=149.333, z=0; VEL:0, y=-50, z=0
+64337809159.0ns POS: x=194.686, y=110, z=0; VEL:0, y=0, z=0
+64337809159.0ns POS: x=194.686, y=110, z=0; VEL:50.2227, y=0, z=0
+64437365745.0ns POS: x=199.686, y=110, z=0; VEL:0, y=0, z=0
+64437365745.0ns POS: x=199.686, y=110, z=0; VEL:50.3216, y=0, z=0
+64604650772.0ns POS: x=170, y=129.333, z=0; VEL:0, y=0, z=0
+64604650772.0ns POS: x=170, y=129.333, z=0; VEL:0, y=-50, z=0
+64642331503.0ns POS: x=210, y=110, z=0; VEL:0, y=0, z=0
+64642331503.0ns POS: x=210, y=110, z=0; VEL:0, y=-50.3216, z=0
+64704650772.0ns POS: x=170, y=124.333, z=0; VEL:0, y=0, z=0
+64704650772.0ns POS: x=170, y=124.333, z=0; VEL:0, y=-50, z=0
+64804650772.0ns POS: x=170, y=119.333, z=0; VEL:0, y=0, z=0
+64804650772.0ns POS: x=170, y=119.333, z=0; VEL:0, y=-50.0674, z=0
+65004381714.0ns POS: x=170, y=109.333, z=0; VEL:0, y=0, z=0
+65004381714.0ns POS: x=170, y=109.333, z=0; VEL:0, y=-50, z=0
+65204381714.0ns POS: x=170, y=99.3328, z=0; VEL:0, y=0, z=0
+65204381714.0ns POS: x=170, y=99.3328, z=0; VEL:0, y=-50.0734, z=0
+65390763736.0ns POS: x=170, y=90, z=0; VEL:0, y=0, z=0
+65390763736.0ns POS: x=170, y=90, z=0; VEL:50.0734, y=0, z=0
+65437219478.0ns POS: x=210, y=70, z=0; VEL:0, y=0, z=0
+65437219478.0ns POS: x=210, y=70, z=0; VEL:-50.3216, y=0, z=0
+65790177795.0ns POS: x=190, y=90, z=0; VEL:0, y=0, z=0
+65790177795.0ns POS: x=190, y=90, z=0; VEL:0, y=-50.0734, z=0
+65834663466.0ns POS: x=190, y=70, z=0; VEL:0, y=0, z=0
+65834663466.0ns POS: x=190, y=70, z=0; VEL:0, y=50.3216, z=0
+65927780698.0ns POS: x=190, y=74.6858, z=0; VEL:0, y=0, z=0
+65927780698.0ns POS: x=190, y=74.6858, z=0; VEL:0, y=50, z=0
+66103063347.0ns POS: x=190, y=74.3328, z=0; VEL:0, y=0, z=0
+66103063347.0ns POS: x=190, y=74.3328, z=0; VEL:0, y=-50.3688, z=0
+66189084259.0ns POS: x=190, y=70, z=0; VEL:0, y=0, z=0
+66189084259.0ns POS: x=190, y=70, z=0; VEL:50.3688, y=0, z=0
+66202331099.0ns POS: x=190.667, y=70, z=0; VEL:0, y=0, z=0
+66202331099.0ns POS: x=190.667, y=70, z=0; VEL:50.4455, y=0, z=0
+66234064617.0ns POS: x=190, y=90, z=0; VEL:0, y=0, z=0
+66234064617.0ns POS: x=190, y=90, z=0; VEL:50, y=0, z=0
+66585571674.0ns POS: x=210, y=70, z=0; VEL:0, y=0, z=0
+66585571674.0ns POS: x=210, y=70, z=0; VEL:0, y=50.4455, z=0
+66634064617.0ns POS: x=210, y=90, z=0; VEL:0, y=0, z=0
+66634064617.0ns POS: x=210, y=90, z=0; VEL:0, y=-50, z=0
+66982038948.0ns POS: x=210, y=90, z=0; VEL:0, y=0, z=0
+66982038948.0ns POS: x=210, y=90, z=0; VEL:-50.4455, y=0, z=0
+67094382465.0ns POS: x=204.333, y=90, z=0; VEL:0, y=0, z=0
+67094382465.0ns POS: x=204.333, y=90, z=0; VEL:-50, y=0, z=0
+67127780698.0ns POS: x=210, y=65.3142, z=0; VEL:0, y=0, z=0
+67127780698.0ns POS: x=210, y=65.3142, z=0; VEL:0, y=-50.1, z=0
+67227581128.0ns POS: x=210, y=60.3142, z=0; VEL:0, y=0, z=0
+67227581128.0ns POS: x=210, y=60.3142, z=0; VEL:0, y=-50, z=0
+67427581128.0ns POS: x=210, y=50.3142, z=0; VEL:0, y=0, z=0
+67427581128.0ns POS: x=210, y=50.3142, z=0; VEL:0, y=-50, z=0
+67433865047.0ns POS: x=210, y=50, z=0; VEL:0, y=0, z=0
+67433865047.0ns POS: x=210, y=50, z=0; VEL:-50, y=0, z=0
+67627581128.0ns POS: x=200.314, y=50, z=0; VEL:0, y=0, z=0
+67627581128.0ns POS: x=200.314, y=50, z=0; VEL:-50.168, y=0, z=0
+67727246238.0ns POS: x=195.314, y=50, z=0; VEL:0, y=0, z=0
+67727246238.0ns POS: x=195.314, y=50, z=0; VEL:-50, y=0, z=0
+68181037910.0ns POS: x=150, y=90, z=0; VEL:0, y=0, z=0
+68181037910.0ns POS: x=150, y=90, z=0; VEL:0, y=-50, z=0
+68194382465.0ns POS: x=150, y=89.3328, z=0; VEL:0, y=0, z=0
+68194382465.0ns POS: x=150, y=89.3328, z=0; VEL:0, y=-50.0274, z=0
+68633530157.0ns POS: x=150, y=50, z=0; VEL:0, y=0, z=0
+68633530157.0ns POS: x=150, y=50, z=0; VEL:0, y=50, z=0
+68827246238.0ns POS: x=150, y=59.6858, z=0; VEL:0, y=0, z=0
+68827246238.0ns POS: x=150, y=59.6858, z=0; VEL:0, y=50, z=0
+68980607811.0ns POS: x=150, y=50, z=0; VEL:0, y=0, z=0
+68980607811.0ns POS: x=150, y=50, z=0; VEL:50.0274, y=0, z=0
+68993945071.0ns POS: x=150.667, y=50, z=0; VEL:0, y=0, z=0
+68993945071.0ns POS: x=150.667, y=50, z=0; VEL:50, y=0, z=0
+69127246238.0ns POS: x=150, y=74.6858, z=0; VEL:0, y=0, z=0
+69127246238.0ns POS: x=150, y=74.6858, z=0; VEL:0, y=50, z=0
+69380600515.0ns POS: x=170, y=50, z=0; VEL:0, y=0, z=0
+69380600515.0ns POS: x=170, y=50, z=0; VEL:0, y=50, z=0
+69427246238.0ns POS: x=150, y=89.6858, z=0; VEL:0, y=0, z=0
+69427246238.0ns POS: x=150, y=89.6858, z=0; VEL:0, y=50, z=0
+69433530157.0ns POS: x=150, y=90, z=0; VEL:0, y=0, z=0
+69433530157.0ns POS: x=150, y=90, z=0; VEL:50, y=0, z=0
+69593945071.0ns POS: x=170, y=60.6672, z=0; VEL:0, y=0, z=0
+69593945071.0ns POS: x=170, y=60.6672, z=0; VEL:0, y=50, z=0
+69780600515.0ns POS: x=170, y=70, z=0; VEL:0, y=0, z=0
+69780600515.0ns POS: x=170, y=70, z=0; VEL:50, y=0, z=0
+69793945071.0ns POS: x=170.667, y=70, z=0; VEL:0, y=0, z=0
+69793945071.0ns POS: x=170.667, y=70, z=0; VEL:50, y=0, z=0
+69833530157.0ns POS: x=170, y=90, z=0; VEL:0, y=0, z=0
+69833530157.0ns POS: x=170, y=90, z=0; VEL:0, y=50, z=0
+70180600515.0ns POS: x=190, y=70, z=0; VEL:0, y=0, z=0
+70180600515.0ns POS: x=190, y=70, z=0; VEL:0, y=50, z=0
+70227246238.0ns POS: x=170, y=109.686, z=0; VEL:0, y=0, z=0
+70227246238.0ns POS: x=170, y=109.686, z=0; VEL:0, y=50, z=0
+70527246238.0ns POS: x=170, y=124.686, z=0; VEL:0, y=0, z=0
+70527246238.0ns POS: x=170, y=124.686, z=0; VEL:0, y=50.2063, z=0
+70793945071.0ns POS: x=190, y=100.667, z=0; VEL:0, y=0, z=0
+70793945071.0ns POS: x=190, y=100.667, z=0; VEL:0, y=50.3028, z=0
+71377068981.0ns POS: x=190, y=130, z=0; VEL:0, y=0, z=0
+71377068981.0ns POS: x=190, y=130, z=0; VEL:50.3028, y=0, z=0
+71390333206.0ns POS: x=190.667, y=130, z=0; VEL:0, y=0, z=0
+71390333206.0ns POS: x=190.667, y=130, z=0; VEL:50, y=0, z=0
+71690333206.0ns POS: x=205.667, y=130, z=0; VEL:0, y=0, z=0
+71690333206.0ns POS: x=205.667, y=130, z=0; VEL:50.1335, y=0, z=0
+71722315237.0ns POS: x=170, y=184.686, z=0; VEL:0, y=0, z=0
+71722315237.0ns POS: x=170, y=184.686, z=0; VEL:0, y=50, z=0
+71776757893.0ns POS: x=210, y=130, z=0; VEL:0, y=0, z=0
+71776757893.0ns POS: x=210, y=130, z=0; VEL:0, y=-50.1335, z=0
+71828599156.0ns POS: x=170, y=190, z=0; VEL:0, y=0, z=0
+71828599156.0ns POS: x=170, y=190, z=0; VEL:50, y=0, z=0
+71889800620.0ns POS: x=210, y=124.333, z=0; VEL:0, y=0, z=0
+71889800620.0ns POS: x=210, y=124.333, z=0; VEL:0, y=-50.0715, z=0
+72022315237.0ns POS: x=179.686, y=190, z=0; VEL:0, y=0, z=0
+72022315237.0ns POS: x=179.686, y=190, z=0; VEL:50.0214, y=0, z=0
+72189372081.0ns POS: x=210, y=109.333, z=0; VEL:0, y=0, z=0
+72189372081.0ns POS: x=210, y=109.333, z=0; VEL:0, y=-50, z=0
+72589372081.0ns POS: x=210, y=89.3328, z=0; VEL:0, y=0, z=0
+72589372081.0ns POS: x=210, y=89.3328, z=0; VEL:0, y=-50.262, z=0
+72628339238.0ns POS: x=210, y=190, z=0; VEL:0, y=0, z=0
+72628339238.0ns POS: x=210, y=190, z=0; VEL:0, y=-50.0214, z=0
+72974011860.0ns POS: x=210, y=70, z=0; VEL:0, y=0, z=0
+72974011860.0ns POS: x=210, y=70, z=0; VEL:-50.262, y=0, z=0
+72987286849.0ns POS: x=209.333, y=70, z=0; VEL:0, y=0, z=0
+72987286849.0ns POS: x=209.333, y=70, z=0; VEL:-50, y=0, z=0
+73287286849.0ns POS: x=194.333, y=70, z=0; VEL:0, y=0, z=0
+73287286849.0ns POS: x=194.333, y=70, z=0; VEL:-50.1837, y=0, z=0
+73321757918.0ns POS: x=210, y=155.314, z=0; VEL:0, y=0, z=0
+73321757918.0ns POS: x=210, y=155.314, z=0; VEL:0, y=-50.1565, z=0
+73421445879.0ns POS: x=210, y=150.314, z=0; VEL:0, y=0, z=0
+73421445879.0ns POS: x=210, y=150.314, z=0; VEL:0, y=-50.1838, z=0
+73427706788.0ns POS: x=210, y=150, z=0; VEL:0, y=0, z=0
+73427706788.0ns POS: x=210, y=150, z=0; VEL:-50.1838, y=0, z=0
+73486554843.0ns POS: x=184.333, y=70, z=0; VEL:0, y=0, z=0
+73486554843.0ns POS: x=184.333, y=70, z=0; VEL:-50, y=0, z=0
+73720347361.0ns POS: x=195.314, y=150, z=0; VEL:0, y=0, z=0
+73720347361.0ns POS: x=195.314, y=150, z=0; VEL:-50, y=0, z=0
+73826631280.0ns POS: x=190, y=150, z=0; VEL:0, y=0, z=0
+73826631280.0ns POS: x=190, y=150, z=0; VEL:0, y=50, z=0
+74226631280.0ns POS: x=190, y=170, z=0; VEL:0, y=0, z=0
+74226631280.0ns POS: x=190, y=170, z=0; VEL:50, y=0, z=0
+74486554843.0ns POS: x=134.333, y=70, z=0; VEL:0, y=0, z=0
+74486554843.0ns POS: x=134.333, y=70, z=0; VEL:-50.1571, y=0, z=0
+74626631280.0ns POS: x=210, y=170, z=0; VEL:0, y=0, z=0
+74626631280.0ns POS: x=210, y=170, z=0; VEL:0, y=-50, z=0
+74984989012.0ns POS: x=109.333, y=70, z=0; VEL:0, y=0, z=0
+74984989012.0ns POS: x=109.333, y=70, z=0; VEL:-50, y=0, z=0
+75026631280.0ns POS: x=210, y=150, z=0; VEL:0, y=0, z=0
+75026631280.0ns POS: x=210, y=150, z=0; VEL:-50, y=0, z=0
+75320347361.0ns POS: x=195.314, y=150, z=0; VEL:0, y=0, z=0
+75320347361.0ns POS: x=195.314, y=150, z=0; VEL:-50, y=0, z=0
+75371644456.0ns POS: x=90, y=70, z=0; VEL:0, y=0, z=0
+75371644456.0ns POS: x=90, y=70, z=0; VEL:0, y=50, z=0
+75426631280.0ns POS: x=190, y=150, z=0; VEL:0, y=0, z=0
+75426631280.0ns POS: x=190, y=150, z=0; VEL:0, y=-50, z=0
+75620347361.0ns POS: x=190, y=140.314, z=0; VEL:0, y=0, z=0
+75620347361.0ns POS: x=190, y=140.314, z=0; VEL:0, y=-50.0833, z=0
+75720180964.0ns POS: x=190, y=135.314, z=0; VEL:0, y=0, z=0
+75720180964.0ns POS: x=190, y=135.314, z=0; VEL:0, y=-50.3492, z=0
+75884989012.0ns POS: x=90, y=95.6672, z=0; VEL:0, y=0, z=0
+75884989012.0ns POS: x=90, y=95.6672, z=0; VEL:0, y=50.3097, z=0
+76169880095.0ns POS: x=90, y=110, z=0; VEL:0, y=0, z=0
+76169880095.0ns POS: x=90, y=110, z=0; VEL:50.3097, y=0, z=0
+76415326194.0ns POS: x=190, y=100.314, z=0; VEL:0, y=0, z=0
+76415326194.0ns POS: x=190, y=100.314, z=0; VEL:0, y=-50.2455, z=0
+76567418099.0ns POS: x=110, y=110, z=0; VEL:0, y=0, z=0
+76567418099.0ns POS: x=110, y=110, z=0; VEL:0, y=50.3097, z=0
+76620602228.0ns POS: x=190, y=90, z=0; VEL:0, y=0, z=0
+76620602228.0ns POS: x=190, y=90, z=0; VEL:50.2455, y=0, z=0
+77018647863.0ns POS: x=210, y=90, z=0; VEL:0, y=0, z=0
+77018647863.0ns POS: x=210, y=90, z=0; VEL:0, y=-50.2455, z=0
+77362494107.0ns POS: x=110, y=150, z=0; VEL:0, y=0, z=0
+77362494107.0ns POS: x=110, y=150, z=0; VEL:50.3097, y=0, z=0
+77375756527.0ns POS: x=110.667, y=150, z=0; VEL:0, y=0, z=0
+77375756527.0ns POS: x=110.667, y=150, z=0; VEL:50, y=0, z=0
+77416693498.0ns POS: x=210, y=70, z=0; VEL:0, y=0, z=0
+77416693498.0ns POS: x=210, y=70, z=0; VEL:-50.2455, y=0, z=0
+77475756527.0ns POS: x=115.667, y=150, z=0; VEL:0, y=0, z=0
+77475756527.0ns POS: x=115.667, y=150, z=0; VEL:50, y=0, z=0
+77575756527.0ns POS: x=120.667, y=150, z=0; VEL:0, y=0, z=0
+77575756527.0ns POS: x=120.667, y=150, z=0; VEL:50.2096, y=0, z=0
+77609463100.0ns POS: x=200.314, y=70, z=0; VEL:0, y=0, z=0
+77609463100.0ns POS: x=200.314, y=70, z=0; VEL:-50.2125, y=0, z=0
+77761632819.0ns POS: x=130, y=150, z=0; VEL:0, y=0, z=0
+77761632819.0ns POS: x=130, y=150, z=0; VEL:0, y=50.2096, z=0
+77774921671.0ns POS: x=130, y=150.667, z=0; VEL:0, y=0, z=0
+77774921671.0ns POS: x=130, y=150.667, z=0; VEL:0, y=50.1573, z=0
+77814873831.0ns POS: x=190, y=70, z=0; VEL:0, y=0, z=0
+77814873831.0ns POS: x=190, y=70, z=0; VEL:0, y=-50.2125, z=0
+77974294378.0ns POS: x=130, y=160.667, z=0; VEL:0, y=0, z=0
+77974294378.0ns POS: x=130, y=160.667, z=0; VEL:0, y=50, z=0
+78074294378.0ns POS: x=130, y=165.667, z=0; VEL:0, y=0, z=0
+78074294378.0ns POS: x=130, y=165.667, z=0; VEL:0, y=50, z=0
+78107346628.0ns POS: x=190, y=55.3142, z=0; VEL:0, y=0, z=0
+78107346628.0ns POS: x=190, y=55.3142, z=0; VEL:0, y=-50.3269, z=0
+78206697115.0ns POS: x=190, y=50.3142, z=0; VEL:0, y=0, z=0
+78206697115.0ns POS: x=190, y=50.3142, z=0; VEL:0, y=-50, z=0
+78212981034.0ns POS: x=190, y=50, z=0; VEL:0, y=0, z=0
+78212981034.0ns POS: x=190, y=50, z=0; VEL:50, y=0, z=0
+78274294378.0ns POS: x=130, y=175.667, z=0; VEL:0, y=0, z=0
+78274294378.0ns POS: x=130, y=175.667, z=0; VEL:0, y=50.1823, z=0
+78406697115.0ns POS: x=199.686, y=50, z=0; VEL:0, y=0, z=0
+78406697115.0ns POS: x=199.686, y=50, z=0; VEL:50, y=0, z=0
+78612981034.0ns POS: x=210, y=50, z=0; VEL:0, y=0, z=0
+78612981034.0ns POS: x=210, y=50, z=0; VEL:0, y=-50, z=0
+78872114364.0ns POS: x=130, y=205.667, z=0; VEL:0, y=0, z=0
+78872114364.0ns POS: x=130, y=205.667, z=0; VEL:0, y=50, z=0
+78906697115.0ns POS: x=210, y=35.3142, z=0; VEL:0, y=0, z=0
+78906697115.0ns POS: x=210, y=35.3142, z=0; VEL:0, y=-50.0587, z=0
+78958769809.0ns POS: x=130, y=210, z=0; VEL:0, y=0, z=0
+78958769809.0ns POS: x=130, y=210, z=0; VEL:50, y=0, z=0
+79172114364.0ns POS: x=140.667, y=210, z=0; VEL:0, y=0, z=0
+79172114364.0ns POS: x=140.667, y=210, z=0; VEL:50, y=0, z=0
+79412387805.0ns POS: x=210, y=10, z=0; VEL:0, y=0, z=0
+79412387805.0ns POS: x=210, y=10, z=0; VEL:-50.0587, y=0, z=0
+79758769809.0ns POS: x=170, y=210, z=0; VEL:0, y=0, z=0
+79758769809.0ns POS: x=170, y=210, z=0; VEL:0, y=-50, z=0
+79772114364.0ns POS: x=170, y=209.333, z=0; VEL:0, y=0, z=0
+79772114364.0ns POS: x=170, y=209.333, z=0; VEL:0, y=-50.0957, z=0
+79811919112.0ns POS: x=190, y=10, z=0; VEL:0, y=0, z=0
+79811919112.0ns POS: x=190, y=10, z=0; VEL:0, y=50.0587, z=0
+80005408210.0ns POS: x=190, y=19.6858, z=0; VEL:0, y=0, z=0
+80005408210.0ns POS: x=190, y=19.6858, z=0; VEL:0, y=50.0334, z=0
+80211554392.0ns POS: x=190, y=30, z=0; VEL:0, y=0, z=0
+80211554392.0ns POS: x=190, y=30, z=0; VEL:50.0334, y=0, z=0
+80557266615.0ns POS: x=170, y=170, z=0; VEL:0, y=0, z=0
+80557266615.0ns POS: x=170, y=170, z=0; VEL:50.0957, y=0, z=0
+80611287309.0ns POS: x=210, y=30, z=0; VEL:0, y=0, z=0
+80611287309.0ns POS: x=210, y=30, z=0; VEL:0, y=-50.0334, z=0
+80804874045.0ns POS: x=210, y=20.3142, z=0; VEL:0, y=0, z=0
+80804874045.0ns POS: x=210, y=20.3142, z=0; VEL:0, y=-50, z=0
+80956502268.0ns POS: x=190, y=170, z=0; VEL:0, y=0, z=0
+80956502268.0ns POS: x=190, y=170, z=0; VEL:0, y=50.0957, z=0
+81004874045.0ns POS: x=210, y=10.3142, z=0; VEL:0, y=0, z=0
+81004874045.0ns POS: x=210, y=10.3142, z=0; VEL:0, y=-50.0791, z=0
+81011148043.0ns POS: x=210, y=10, z=0; VEL:0, y=0, z=0
+81011148043.0ns POS: x=210, y=10, z=0; VEL:-50.0791, y=0, z=0
+81069630237.0ns POS: x=190, y=175.667, z=0; VEL:0, y=0, z=0
+81069630237.0ns POS: x=190, y=175.667, z=0; VEL:0, y=50.1454, z=0
+81269050323.0ns POS: x=190, y=185.667, z=0; VEL:0, y=0, z=0
+81269050323.0ns POS: x=190, y=185.667, z=0; VEL:0, y=50, z=0
+81369050323.0ns POS: x=190, y=190.667, z=0; VEL:0, y=0, z=0
+81369050323.0ns POS: x=190, y=190.667, z=0; VEL:0, y=50, z=0
+81603926727.0ns POS: x=180.314, y=10, z=0; VEL:0, y=0, z=0
+81603926727.0ns POS: x=180.314, y=10, z=0; VEL:-50.3584, y=0, z=0
+81703215056.0ns POS: x=175.314, y=10, z=0; VEL:0, y=0, z=0
+81703215056.0ns POS: x=175.314, y=10, z=0; VEL:-50, y=0, z=0
+81755705768.0ns POS: x=190, y=210, z=0; VEL:0, y=0, z=0
+81755705768.0ns POS: x=190, y=210, z=0; VEL:50, y=0, z=0
+81809498975.0ns POS: x=170, y=10, z=0; VEL:0, y=0, z=0
+81809498975.0ns POS: x=170, y=10, z=0; VEL:0, y=50, z=0
+82003215056.0ns POS: x=170, y=19.6858, z=0; VEL:0, y=0, z=0
+82003215056.0ns POS: x=170, y=19.6858, z=0; VEL:0, y=50, z=0
+82069050323.0ns POS: x=205.667, y=210, z=0; VEL:0, y=0, z=0
+82069050323.0ns POS: x=205.667, y=210, z=0; VEL:50.1659, y=0, z=0
+82155419188.0ns POS: x=210, y=210, z=0; VEL:0, y=0, z=0
+82155419188.0ns POS: x=210, y=210, z=0; VEL:0, y=-50.1659, z=0
+82209498975.0ns POS: x=170, y=30, z=0; VEL:0, y=0, z=0
+82209498975.0ns POS: x=170, y=30, z=0; VEL:50, y=0, z=0
+82554096343.0ns POS: x=210, y=190, z=0; VEL:0, y=0, z=0
+82554096343.0ns POS: x=210, y=190, z=0; VEL:-50.1659, y=0, z=0
+82609498975.0ns POS: x=190, y=30, z=0; VEL:0, y=0, z=0
+82609498975.0ns POS: x=190, y=30, z=0; VEL:0, y=-50, z=0
+82667066055.0ns POS: x=204.333, y=190, z=0; VEL:0, y=0, z=0
+82667066055.0ns POS: x=204.333, y=190, z=0; VEL:-50, y=0, z=0
+83009498975.0ns POS: x=190, y=10, z=0; VEL:0, y=0, z=0
+83009498975.0ns POS: x=190, y=10, z=0; VEL:50, y=0, z=0
+83403215056.0ns POS: x=209.686, y=10, z=0; VEL:0, y=0, z=0
+83403215056.0ns POS: x=209.686, y=10, z=0; VEL:50.254, y=0, z=0
+83409467212.0ns POS: x=210, y=10, z=0; VEL:0, y=0, z=0
+83409467212.0ns POS: x=210, y=10, z=0; VEL:0, y=50.254, z=0
+83502709582.0ns POS: x=210, y=14.6858, z=0; VEL:0, y=0, z=0
+83502709582.0ns POS: x=210, y=14.6858, z=0; VEL:0, y=50, z=0
+83567066055.0ns POS: x=159.333, y=190, z=0; VEL:0, y=0, z=0
+83567066055.0ns POS: x=159.333, y=190, z=0; VEL:-50.165, y=0, z=0
+83753107485.0ns POS: x=150, y=190, z=0; VEL:0, y=0, z=0
+83753107485.0ns POS: x=150, y=190, z=0; VEL:0, y=-50.165, z=0
+83802709582.0ns POS: x=210, y=29.6858, z=0; VEL:0, y=0, z=0
+83802709582.0ns POS: x=210, y=29.6858, z=0; VEL:0, y=50, z=0
+83808993501.0ns POS: x=210, y=30, z=0; VEL:0, y=0, z=0
+83808993501.0ns POS: x=210, y=30, z=0; VEL:-50, y=0, z=0
+84065421274.0ns POS: x=150, y=174.333, z=0; VEL:0, y=0, z=0
+84065421274.0ns POS: x=150, y=174.333, z=0; VEL:0, y=-50, z=0
+84152076719.0ns POS: x=150, y=170, z=0; VEL:0, y=0, z=0
+84152076719.0ns POS: x=150, y=170, z=0; VEL:50, y=0, z=0
+84165421274.0ns POS: x=150.667, y=170, z=0; VEL:0, y=0, z=0
+84165421274.0ns POS: x=150.667, y=170, z=0; VEL:50, y=0, z=0
+84208993501.0ns POS: x=190, y=30, z=0; VEL:0, y=0, z=0
+84208993501.0ns POS: x=190, y=30, z=0; VEL:0, y=50, z=0
+84402709582.0ns POS: x=190, y=39.6858, z=0; VEL:0, y=0, z=0
+84402709582.0ns POS: x=190, y=39.6858, z=0; VEL:0, y=50.3217, z=0
+84502070272.0ns POS: x=190, y=44.6858, z=0; VEL:0, y=0, z=0
+84502070272.0ns POS: x=190, y=44.6858, z=0; VEL:0, y=50, z=0
+84802070272.0ns POS: x=190, y=59.6858, z=0; VEL:0, y=0, z=0
+84802070272.0ns POS: x=190, y=59.6858, z=0; VEL:0, y=50, z=0
+85008354191.0ns POS: x=190, y=70, z=0; VEL:0, y=0, z=0
+85008354191.0ns POS: x=190, y=70, z=0; VEL:50, y=0, z=0
+85065421274.0ns POS: x=195.667, y=170, z=0; VEL:0, y=0, z=0
+85065421274.0ns POS: x=195.667, y=170, z=0; VEL:50, y=0, z=0
+85202070272.0ns POS: x=199.686, y=70, z=0; VEL:0, y=0, z=0
+85202070272.0ns POS: x=199.686, y=70, z=0; VEL:50, y=0, z=0
+85352076719.0ns POS: x=210, y=170, z=0; VEL:0, y=0, z=0
+85352076719.0ns POS: x=210, y=170, z=0; VEL:0, y=50, z=0
+85402070272.0ns POS: x=209.686, y=70, z=0; VEL:0, y=0, z=0
+85402070272.0ns POS: x=209.686, y=70, z=0; VEL:50.3934, y=0, z=0
+85408305138.0ns POS: x=210, y=70, z=0; VEL:0, y=0, z=0
+85408305138.0ns POS: x=210, y=70, z=0; VEL:0, y=-50.3934, z=0
+85465421274.0ns POS: x=210, y=175.667, z=0; VEL:0, y=0, z=0
+85465421274.0ns POS: x=210, y=175.667, z=0; VEL:0, y=50, z=0
+85665421274.0ns POS: x=210, y=185.667, z=0; VEL:0, y=0, z=0
+85665421274.0ns POS: x=210, y=185.667, z=0; VEL:0, y=50, z=0
+85997386636.0ns POS: x=210, y=40.3142, z=0; VEL:0, y=0, z=0
+85997386636.0ns POS: x=210, y=40.3142, z=0; VEL:0, y=-50, z=0
+86097386636.0ns POS: x=210, y=35.3142, z=0; VEL:0, y=0, z=0
+86097386636.0ns POS: x=210, y=35.3142, z=0; VEL:0, y=-50.1145, z=0
+86152076719.0ns POS: x=210, y=210, z=0; VEL:0, y=0, z=0
+86152076719.0ns POS: x=210, y=210, z=0; VEL:-50, y=0, z=0
+86602513610.0ns POS: x=210, y=10, z=0; VEL:0, y=0, z=0
+86602513610.0ns POS: x=210, y=10, z=0; VEL:-50.1145, y=0, z=0
+86765421274.0ns POS: x=179.333, y=210, z=0; VEL:0, y=0, z=0
+86765421274.0ns POS: x=179.333, y=210, z=0; VEL:-50, y=0, z=0
+86965421274.0ns POS: x=169.333, y=210, z=0; VEL:0, y=0, z=0
+86965421274.0ns POS: x=169.333, y=210, z=0; VEL:-50.1117, y=0, z=0
+86995329983.0ns POS: x=190.314, y=10, z=0; VEL:0, y=0, z=0
+86995329983.0ns POS: x=190.314, y=10, z=0; VEL:-50.2776, y=0, z=0
+87001579207.0ns POS: x=190, y=10, z=0; VEL:0, y=0, z=0
+87001579207.0ns POS: x=190, y=10, z=0; VEL:0, y=50.2776, z=0
+87293673618.0ns POS: x=190, y=24.6858, z=0; VEL:0, y=0, z=0
+87293673618.0ns POS: x=190, y=24.6858, z=0; VEL:0, y=50.1052, z=0
+87364529652.0ns POS: x=149.333, y=210, z=0; VEL:0, y=0, z=0
+87364529652.0ns POS: x=149.333, y=210, z=0; VEL:-50, y=0, z=0
+87564529652.0ns POS: x=139.333, y=210, z=0; VEL:0, y=0, z=0
+87564529652.0ns POS: x=139.333, y=210, z=0; VEL:-50.482, y=0, z=0
+87749403094.0ns POS: x=130, y=210, z=0; VEL:0, y=0, z=0
+87749403094.0ns POS: x=130, y=210, z=0; VEL:0, y=-50.482, z=0
+88059756144.0ns POS: x=130, y=194.333, z=0; VEL:0, y=0, z=0
+88059756144.0ns POS: x=130, y=194.333, z=0; VEL:0, y=-50, z=0
+88198054687.0ns POS: x=190, y=70, z=0; VEL:0, y=0, z=0
+88198054687.0ns POS: x=190, y=70, z=0; VEL:50.1052, y=0, z=0
+88259756144.0ns POS: x=130, y=184.333, z=0; VEL:0, y=0, z=0
+88259756144.0ns POS: x=130, y=184.333, z=0; VEL:0, y=-50, z=0
+88391364038.0ns POS: x=199.686, y=70, z=0; VEL:0, y=0, z=0
+88391364038.0ns POS: x=199.686, y=70, z=0; VEL:50.0561, y=0, z=0
+88459756144.0ns POS: x=130, y=174.333, z=0; VEL:0, y=0, z=0
+88459756144.0ns POS: x=130, y=174.333, z=0; VEL:0, y=-50, z=0
+88597416599.0ns POS: x=210, y=70, z=0; VEL:0, y=0, z=0
+88597416599.0ns POS: x=210, y=70, z=0; VEL:0, y=-50.0561, z=0
+88859756144.0ns POS: x=130, y=154.333, z=0; VEL:0, y=0, z=0
+88859756144.0ns POS: x=130, y=154.333, z=0; VEL:0, y=-50.2429, z=0
+88890803262.0ns POS: x=210, y=55.3142, z=0; VEL:0, y=0, z=0
+88890803262.0ns POS: x=210, y=55.3142, z=0; VEL:0, y=-50, z=0
+88959272611.0ns POS: x=130, y=149.333, z=0; VEL:0, y=0, z=0
+88959272611.0ns POS: x=130, y=149.333, z=0; VEL:0, y=-50.046, z=0
+88997087181.0ns POS: x=210, y=50, z=0; VEL:0, y=0, z=0
+88997087181.0ns POS: x=210, y=50, z=0; VEL:-50, y=0, z=0
+89159088757.0ns POS: x=130, y=139.333, z=0; VEL:0, y=0, z=0
+89159088757.0ns POS: x=130, y=139.333, z=0; VEL:0, y=-50.164, z=0
+89190803262.0ns POS: x=200.314, y=50, z=0; VEL:0, y=0, z=0
+89190803262.0ns POS: x=200.314, y=50, z=0; VEL:-50.2234, y=0, z=0
+89345133886.0ns POS: x=130, y=130, z=0; VEL:0, y=0, z=0
+89345133886.0ns POS: x=130, y=130, z=0; VEL:50.164, y=0, z=0
+89396169737.0ns POS: x=190, y=50, z=0; VEL:0, y=0, z=0
+89396169737.0ns POS: x=190, y=50, z=0; VEL:0, y=-50.2234, z=0
+89589024269.0ns POS: x=190, y=40.3142, z=0; VEL:0, y=0, z=0
+89589024269.0ns POS: x=190, y=40.3142, z=0; VEL:0, y=-50.0025, z=0
+89795297706.0ns POS: x=190, y=30, z=0; VEL:0, y=0, z=0
+89795297706.0ns POS: x=190, y=30, z=0; VEL:50.0025, y=0, z=0
+89856799935.0ns POS: x=155.667, y=130, z=0; VEL:0, y=0, z=0
+89856799935.0ns POS: x=155.667, y=130, z=0; VEL:50.2228, y=0, z=0
+90155469304.0ns POS: x=170.667, y=130, z=0; VEL:0, y=0, z=0
+90155469304.0ns POS: x=170.667, y=130, z=0; VEL:50, y=0, z=0
+90195277380.0ns POS: x=210, y=30, z=0; VEL:0, y=0, z=0
+90195277380.0ns POS: x=210, y=30, z=0; VEL:0, y=50.0025, z=0
+90355469304.0ns POS: x=180.667, y=130, z=0; VEL:0, y=0, z=0
+90355469304.0ns POS: x=180.667, y=130, z=0; VEL:50.0882, y=0, z=0
+90555116942.0ns POS: x=190.667, y=130, z=0; VEL:0, y=0, z=0
+90555116942.0ns POS: x=190.667, y=130, z=0; VEL:50.0558, y=0, z=0
+90595257055.0ns POS: x=210, y=50, z=0; VEL:0, y=0, z=0
+90595257055.0ns POS: x=210, y=50, z=0; VEL:-50.0025, y=0, z=0
+90788963293.0ns POS: x=200.314, y=50, z=0; VEL:0, y=0, z=0
+90788963293.0ns POS: x=200.314, y=50, z=0; VEL:-50, y=0, z=0
+90888963293.0ns POS: x=195.314, y=50, z=0; VEL:0, y=0, z=0
+90888963293.0ns POS: x=195.314, y=50, z=0; VEL:-50, y=0, z=0
+90941341210.0ns POS: x=210, y=130, z=0; VEL:0, y=0, z=0
+90941341210.0ns POS: x=210, y=130, z=0; VEL:0, y=-50.0558, z=0
+90988963293.0ns POS: x=190.314, y=50, z=0; VEL:0, y=0, z=0
+90988963293.0ns POS: x=190.314, y=50, z=0; VEL:-50, y=0, z=0
+91188963293.0ns POS: x=180.314, y=50, z=0; VEL:0, y=0, z=0
+91188963293.0ns POS: x=180.314, y=50, z=0; VEL:-50, y=0, z=0
+91340895153.0ns POS: x=210, y=110, z=0; VEL:0, y=0, z=0
+91340895153.0ns POS: x=210, y=110, z=0; VEL:-50.0558, y=0, z=0
+91395247212.0ns POS: x=170, y=50, z=0; VEL:0, y=0, z=0
+91395247212.0ns POS: x=170, y=50, z=0; VEL:0, y=50, z=0
+91454113312.0ns POS: x=204.333, y=110, z=0; VEL:0, y=0, z=0
+91454113312.0ns POS: x=204.333, y=110, z=0; VEL:-50.1126, y=0, z=0
+91888963293.0ns POS: x=170, y=74.6858, z=0; VEL:0, y=0, z=0
+91888963293.0ns POS: x=170, y=74.6858, z=0; VEL:0, y=50.0314, z=0
+92052764738.0ns POS: x=174.333, y=110, z=0; VEL:0, y=0, z=0
+92052764738.0ns POS: x=174.333, y=110, z=0; VEL:-50.0494, y=0, z=0
+92152666057.0ns POS: x=169.333, y=110, z=0; VEL:0, y=0, z=0
+92152666057.0ns POS: x=169.333, y=110, z=0; VEL:-50.3456, y=0, z=0
+92188774897.0ns POS: x=170, y=89.6858, z=0; VEL:0, y=0, z=0
+92188774897.0ns POS: x=170, y=89.6858, z=0; VEL:0, y=50, z=0
+92251979677.0ns POS: x=164.333, y=110, z=0; VEL:0, y=0, z=0
+92251979677.0ns POS: x=164.333, y=110, z=0; VEL:-50.0031, y=0, z=0
+92451967116.0ns POS: x=154.333, y=110, z=0; VEL:0, y=0, z=0
+92451967116.0ns POS: x=154.333, y=110, z=0; VEL:-50, y=0, z=0
+92538622560.0ns POS: x=150, y=110, z=0; VEL:0, y=0, z=0
+92538622560.0ns POS: x=150, y=110, z=0; VEL:0, y=50, z=0
+92951967116.0ns POS: x=150, y=130.667, z=0; VEL:0, y=0, z=0
+92951967116.0ns POS: x=150, y=130.667, z=0; VEL:0, y=50, z=0
+92988774897.0ns POS: x=170, y=129.686, z=0; VEL:0, y=0, z=0
+92988774897.0ns POS: x=170, y=129.686, z=0; VEL:0, y=50.0546, z=0
+92995051961.0ns POS: x=170, y=130, z=0; VEL:0, y=0, z=0
+92995051961.0ns POS: x=170, y=130, z=0; VEL:50.0546, y=0, z=0
+93088665811.0ns POS: x=174.686, y=130, z=0; VEL:0, y=0, z=0
+93088665811.0ns POS: x=174.686, y=130, z=0; VEL:50.0626, y=0, z=0
+93388290439.0ns POS: x=189.686, y=130, z=0; VEL:0, y=0, z=0
+93388290439.0ns POS: x=189.686, y=130, z=0; VEL:50, y=0, z=0
+93488290439.0ns POS: x=194.686, y=130, z=0; VEL:0, y=0, z=0
+93488290439.0ns POS: x=194.686, y=130, z=0; VEL:50.2029, y=0, z=0
+93738622560.0ns POS: x=150, y=170, z=0; VEL:0, y=0, z=0
+93738622560.0ns POS: x=150, y=170, z=0; VEL:50, y=0, z=0
+93751967116.0ns POS: x=150.667, y=170, z=0; VEL:0, y=0, z=0
+93751967116.0ns POS: x=150.667, y=170, z=0; VEL:50, y=0, z=0
+93793336277.0ns POS: x=210, y=130, z=0; VEL:0, y=0, z=0
+93793336277.0ns POS: x=210, y=130, z=0; VEL:0, y=50.2029, z=0
+94138622560.0ns POS: x=170, y=170, z=0; VEL:0, y=0, z=0
+94138622560.0ns POS: x=170, y=170, z=0; VEL:0, y=-50, z=0
+94251967116.0ns POS: x=170, y=164.333, z=0; VEL:0, y=0, z=0
+94251967116.0ns POS: x=170, y=164.333, z=0; VEL:0, y=-50, z=0
+94538622560.0ns POS: x=170, y=150, z=0; VEL:0, y=0, z=0
+94538622560.0ns POS: x=170, y=150, z=0; VEL:50, y=0, z=0
+94590102462.0ns POS: x=210, y=170, z=0; VEL:0, y=0, z=0
+94590102462.0ns POS: x=210, y=170, z=0; VEL:-50.2029, y=0, z=0
+94683439718.0ns POS: x=205.314, y=170, z=0; VEL:0, y=0, z=0
+94683439718.0ns POS: x=205.314, y=170, z=0; VEL:-50.2853, y=0, z=0
+94851967116.0ns POS: x=185.667, y=150, z=0; VEL:0, y=0, z=0
+94851967116.0ns POS: x=185.667, y=150, z=0; VEL:50.0207, y=0, z=0
+95338420736.0ns POS: x=210, y=150, z=0; VEL:0, y=0, z=0
+95338420736.0ns POS: x=210, y=150, z=0; VEL:0, y=-50.0207, z=0
+95385717086.0ns POS: x=170, y=170, z=0; VEL:0, y=0, z=0
+95385717086.0ns POS: x=170, y=170, z=0; VEL:0, y=-50.2853, z=0
+95451718285.0ns POS: x=210, y=144.333, z=0; VEL:0, y=0, z=0
+95451718285.0ns POS: x=210, y=144.333, z=0; VEL:0, y=-50.5675, z=0
+95550596086.0ns POS: x=210, y=139.333, z=0; VEL:0, y=0, z=0
+95550596086.0ns POS: x=210, y=139.333, z=0; VEL:0, y=-50, z=0
+95578334270.0ns POS: x=170, y=160.314, z=0; VEL:0, y=0, z=0
+95578334270.0ns POS: x=170, y=160.314, z=0; VEL:0, y=-50, z=0
+95737251530.0ns POS: x=210, y=130, z=0; VEL:0, y=0, z=0
+95737251530.0ns POS: x=210, y=130, z=0; VEL:-50, y=0, z=0
+95784618189.0ns POS: x=170, y=150, z=0; VEL:0, y=0, z=0
+95784618189.0ns POS: x=170, y=150, z=0; VEL:50, y=0, z=0
+95850596086.0ns POS: x=204.333, y=130, z=0; VEL:0, y=0, z=0
+95850596086.0ns POS: x=204.333, y=130, z=0; VEL:-50.0889, y=0, z=0
+96150063555.0ns POS: x=189.333, y=130, z=0; VEL:0, y=0, z=0
+96150063555.0ns POS: x=189.333, y=130, z=0; VEL:-50, y=0, z=0
+96178334270.0ns POS: x=189.686, y=150, z=0; VEL:0, y=0, z=0
+96178334270.0ns POS: x=189.686, y=150, z=0; VEL:50, y=0, z=0
+96184618189.0ns POS: x=190, y=150, z=0; VEL:0, y=0, z=0
+96184618189.0ns POS: x=190, y=150, z=0; VEL:0, y=50, z=0
+96536718999.0ns POS: x=170, y=130, z=0; VEL:0, y=0, z=0
+96536718999.0ns POS: x=170, y=130, z=0; VEL:0, y=50, z=0
+96936718999.0ns POS: x=170, y=150, z=0; VEL:0, y=0, z=0
+96936718999.0ns POS: x=170, y=150, z=0; VEL:50, y=0, z=0
+96984618189.0ns POS: x=190, y=190, z=0; VEL:0, y=0, z=0
+96984618189.0ns POS: x=190, y=190, z=0; VEL:50, y=0, z=0
+97050063555.0ns POS: x=175.667, y=150, z=0; VEL:0, y=0, z=0
+97050063555.0ns POS: x=175.667, y=150, z=0; VEL:50.0811, y=0, z=0
+97336254667.0ns POS: x=190, y=150, z=0; VEL:0, y=0, z=0
+97336254667.0ns POS: x=190, y=150, z=0; VEL:0, y=50.0811, z=0
+97378334270.0ns POS: x=209.686, y=190, z=0; VEL:0, y=0, z=0
+97378334270.0ns POS: x=209.686, y=190, z=0; VEL:50, y=0, z=0
+97384618189.0ns POS: x=210, y=190, z=0; VEL:0, y=0, z=0
+97384618189.0ns POS: x=210, y=190, z=0; VEL:0, y=-50, z=0
+97735606736.0ns POS: x=190, y=170, z=0; VEL:0, y=0, z=0
+97735606736.0ns POS: x=190, y=170, z=0; VEL:50.0811, y=0, z=0
+97784618189.0ns POS: x=210, y=170, z=0; VEL:0, y=0, z=0
+97784618189.0ns POS: x=210, y=170, z=0; VEL:-50, y=0, z=0
+98134958806.0ns POS: x=210, y=170, z=0; VEL:0, y=0, z=0
+98134958806.0ns POS: x=210, y=170, z=0; VEL:0, y=-50.0811, z=0
+98178334270.0ns POS: x=190.314, y=170, z=0; VEL:0, y=0, z=0
+98178334270.0ns POS: x=190.314, y=170, z=0; VEL:-50, y=0, z=0
+98278334270.0ns POS: x=185.314, y=170, z=0; VEL:0, y=0, z=0
+98278334270.0ns POS: x=185.314, y=170, z=0; VEL:-50, y=0, z=0
+98933662944.0ns POS: x=210, y=130, z=0; VEL:0, y=0, z=0
+98933662944.0ns POS: x=210, y=130, z=0; VEL:-50.0811, y=0, z=0
+98946985884.0ns POS: x=209.333, y=130, z=0; VEL:0, y=0, z=0
+98946985884.0ns POS: x=209.333, y=130, z=0; VEL:-50.025, y=0, z=0
+99384618189.0ns POS: x=130, y=170, z=0; VEL:0, y=0, z=0
+99384618189.0ns POS: x=130, y=170, z=0; VEL:0, y=-50, z=0
+99733248884.0ns POS: x=170, y=130, z=0; VEL:0, y=0, z=0
+99733248884.0ns POS: x=170, y=130, z=0; VEL:0, y=50.025, z=0
+99784618189.0ns POS: x=130, y=150, z=0; VEL:0, y=0, z=0
+99784618189.0ns POS: x=130, y=150, z=0; VEL:50, y=0, z=0
+99846536894.0ns POS: x=170, y=135.667, z=0; VEL:0, y=0, z=0
+99846536894.0ns POS: x=170, y=135.667, z=0; VEL:0, y=50, z=0
+100000000000.0ns POS: x=140.769, y=150, z=0; VEL:0, y=0, z=0
+100000000000.0ns POS: x=170, y=143.34, z=0; VEL:0, y=0, z=0
